{"C:\\Users\\lloyd\\nurse-app\\src\\components\\CategorySelector.tsx": {"path":"C:\\Users\\lloyd\\nurse-app\\src\\components\\CategorySelector.tsx","statementMap":{"0":{"start":{"line":28,"column":25},"end":{"line":76,"column":2}},"1":{"start":{"line":41,"column":25},"end":{"line":57,"column":3}},"2":{"start":{"line":42,"column":4},"end":{"line":56,"column":23}},"3":{"start":{"line":47,"column":21},"end":{"line":47,"column":43}},"4":{"start":{"line":59,"column":2},"end":{"line":75,"column":4}},"5":{"start":{"line":65,"column":32},"end":{"line":65,"column":36}},"6":{"start":{"line":78,"column":15},"end":{"line":112,"column":2}},"7":{"start":{"line":114,"column":0},"end":{"line":114,"column":50}}},"fnMap":{"0":{"name":"(anonymous_0)","decl":{"start":{"line":28,"column":53},"end":{"line":28,"column":54}},"loc":{"start":{"line":32,"column":6},"end":{"line":76,"column":1}},"line":32},"1":{"name":"(anonymous_1)","decl":{"start":{"line":41,"column":25},"end":{"line":41,"column":26}},"loc":{"start":{"line":42,"column":4},"end":{"line":56,"column":23}},"line":42},"2":{"name":"(anonymous_2)","decl":{"start":{"line":47,"column":15},"end":{"line":47,"column":16}},"loc":{"start":{"line":47,"column":21},"end":{"line":47,"column":43}},"line":47},"3":{"name":"(anonymous_3)","decl":{"start":{"line":65,"column":22},"end":{"line":65,"column":23}},"loc":{"start":{"line":65,"column":32},"end":{"line":65,"column":36}},"line":65}},"branchMap":{"0":{"loc":{"start":{"line":45,"column":8},"end":{"line":45,"column":64}},"type":"binary-expr","locations":[{"start":{"line":45,"column":8},"end":{"line":45,"column":33}},{"start":{"line":45,"column":37},"end":{"line":45,"column":64}}],"line":45},"1":{"loc":{"start":{"line":52,"column":8},"end":{"line":52,"column":68}},"type":"binary-expr","locations":[{"start":{"line":52,"column":8},"end":{"line":52,"column":33}},{"start":{"line":52,"column":37},"end":{"line":52,"column":68}}],"line":52}},"s":{"0":0,"1":0,"2":0,"3":0,"4":0,"5":0,"6":0,"7":0},"f":{"0":0,"1":0,"2":0,"3":0},"b":{"0":[0,0],"1":[0,0]}}
,"C:\\Users\\lloyd\\nurse-app\\src\\components\\CpdLogCard.tsx": {"path":"C:\\Users\\lloyd\\nurse-app\\src\\components\\CpdLogCard.tsx","statementMap":{"0":{"start":{"line":33,"column":19},"end":{"line":115,"column":2}},"1":{"start":{"line":44,"column":23},"end":{"line":48,"column":3}},"2":{"start":{"line":45,"column":4},"end":{"line":47,"column":5}},"3":{"start":{"line":46,"column":6},"end":{"line":46,"column":23}},"4":{"start":{"line":56,"column":21},"end":{"line":62,"column":3}},"5":{"start":{"line":57,"column":4},"end":{"line":61,"column":7}},"6":{"start":{"line":64,"column":2},"end":{"line":114,"column":4}},"7":{"start":{"line":99,"column":12},"end":{"line":101,"column":19}},"8":{"start":{"line":117,"column":15},"end":{"line":186,"column":2}},"9":{"start":{"line":188,"column":0},"end":{"line":188,"column":38}}},"fnMap":{"0":{"name":"(anonymous_0)","decl":{"start":{"line":33,"column":41},"end":{"line":33,"column":42}},"loc":{"start":{"line":39,"column":6},"end":{"line":115,"column":1}},"line":39},"1":{"name":"(anonymous_1)","decl":{"start":{"line":44,"column":23},"end":{"line":44,"column":24}},"loc":{"start":{"line":44,"column":29},"end":{"line":48,"column":3}},"line":44},"2":{"name":"(anonymous_2)","decl":{"start":{"line":56,"column":21},"end":{"line":56,"column":22}},"loc":{"start":{"line":56,"column":44},"end":{"line":62,"column":3}},"line":56},"3":{"name":"(anonymous_3)","decl":{"start":{"line":98,"column":36},"end":{"line":98,"column":37}},"loc":{"start":{"line":99,"column":12},"end":{"line":101,"column":19}},"line":99}},"branchMap":{"0":{"loc":{"start":{"line":37,"column":2},"end":{"line":37,"column":21}},"type":"default-arg","locations":[{"start":{"line":37,"column":16},"end":{"line":37,"column":21}}],"line":37},"1":{"loc":{"start":{"line":45,"column":4},"end":{"line":47,"column":5}},"type":"if","locations":[{"start":{"line":45,"column":4},"end":{"line":47,"column":5}},{"start":{},"end":{}}],"line":45},"2":{"loc":{"start":{"line":68,"column":21},"end":{"line":68,"column":38}},"type":"cond-expr","locations":[{"start":{"line":68,"column":31},"end":{"line":68,"column":34}},{"start":{"line":68,"column":37},"end":{"line":68,"column":38}}],"line":68},"3":{"loc":{"start":{"line":77,"column":11},"end":{"line":79,"column":11}},"type":"binary-expr","locations":[{"start":{"line":77,"column":11},"end":{"line":77,"column":31}},{"start":{"line":78,"column":12},"end":{"line":78,"column":69}}],"line":77},"4":{"loc":{"start":{"line":80,"column":11},"end":{"line":88,"column":11}},"type":"binary-expr","locations":[{"start":{"line":80,"column":11},"end":{"line":80,"column":22}},{"start":{"line":80,"column":26},"end":{"line":80,"column":34}},{"start":{"line":81,"column":12},"end":{"line":87,"column":31}}],"line":80},"5":{"loc":{"start":{"line":96,"column":7},"end":{"line":107,"column":7}},"type":"binary-expr","locations":[{"start":{"line":96,"column":7},"end":{"line":96,"column":15}},{"start":{"line":96,"column":19},"end":{"line":96,"column":38}},{"start":{"line":97,"column":8},"end":{"line":106,"column":15}}],"line":96},"6":{"loc":{"start":{"line":103,"column":11},"end":{"line":105,"column":11}},"type":"binary-expr","locations":[{"start":{"line":103,"column":11},"end":{"line":103,"column":30}},{"start":{"line":104,"column":12},"end":{"line":104,"column":71}}],"line":103},"7":{"loc":{"start":{"line":111,"column":9},"end":{"line":111,"column":49}},"type":"binary-expr","locations":[{"start":{"line":111,"column":9},"end":{"line":111,"column":29}},{"start":{"line":111,"column":33},"end":{"line":111,"column":49}}],"line":111}},"s":{"0":0,"1":0,"2":0,"3":0,"4":0,"5":0,"6":0,"7":0,"8":0,"9":0},"f":{"0":0,"1":0,"2":0,"3":0},"b":{"0":[0],"1":[0,0],"2":[0,0],"3":[0,0],"4":[0,0,0],"5":[0,0,0],"6":[0,0],"7":[0,0]}}
,"C:\\Users\\lloyd\\nurse-app\\src\\components\\ErrorBoundary.tsx": {"path":"C:\\Users\\lloyd\\nurse-app\\src\\components\\ErrorBoundary.tsx","statementMap":{"0":{"start":{"line":26,"column":4},"end":{"line":26,"column":17}},"1":{"start":{"line":27,"column":4},"end":{"line":27,"column":37}},"2":{"start":{"line":32,"column":4},"end":{"line":32,"column":37}},"3":{"start":{"line":37,"column":4},"end":{"line":37,"column":92}},"4":{"start":{"line":40,"column":4},"end":{"line":40,"column":67}},"5":{"start":{"line":43,"column":4},"end":{"line":43,"column":40}},"6":{"start":{"line":46,"column":16},"end":{"line":49,"column":3}},"7":{"start":{"line":48,"column":4},"end":{"line":48,"column":79}},"8":{"start":{"line":51,"column":22},"end":{"line":62,"column":3}},"9":{"start":{"line":53,"column":33},"end":{"line":53,"column":43}},"10":{"start":{"line":55,"column":4},"end":{"line":61,"column":5}},"11":{"start":{"line":56,"column":6},"end":{"line":60,"column":26}},"12":{"start":{"line":65,"column":4},"end":{"line":102,"column":5}},"13":{"start":{"line":67,"column":6},"end":{"line":69,"column":7}},"14":{"start":{"line":68,"column":8},"end":{"line":68,"column":35}},"15":{"start":{"line":72,"column":6},"end":{"line":101,"column":8}},"16":{"start":{"line":104,"column":4},"end":{"line":104,"column":31}},"17":{"start":{"line":108,"column":15},"end":{"line":166,"column":2}}},"fnMap":{"0":{"name":"(anonymous_0)","decl":{"start":{"line":25,"column":2},"end":{"line":25,"column":3}},"loc":{"start":{"line":25,"column":28},"end":{"line":28,"column":3}},"line":25},"1":{"name":"(anonymous_1)","decl":{"start":{"line":30,"column":2},"end":{"line":30,"column":3}},"loc":{"start":{"line":30,"column":55},"end":{"line":33,"column":3}},"line":30},"2":{"name":"(anonymous_2)","decl":{"start":{"line":35,"column":2},"end":{"line":35,"column":3}},"loc":{"start":{"line":35,"column":62},"end":{"line":44,"column":3}},"line":35},"3":{"name":"(anonymous_3)","decl":{"start":{"line":46,"column":16},"end":{"line":46,"column":17}},"loc":{"start":{"line":46,"column":28},"end":{"line":49,"column":3}},"line":46},"4":{"name":"(anonymous_4)","decl":{"start":{"line":51,"column":22},"end":{"line":51,"column":23}},"loc":{"start":{"line":51,"column":34},"end":{"line":62,"column":3}},"line":51},"5":{"name":"(anonymous_5)","decl":{"start":{"line":64,"column":2},"end":{"line":64,"column":3}},"loc":{"start":{"line":64,"column":22},"end":{"line":105,"column":3}},"line":64}},"branchMap":{"0":{"loc":{"start":{"line":55,"column":4},"end":{"line":61,"column":5}},"type":"if","locations":[{"start":{"line":55,"column":4},"end":{"line":61,"column":5}},{"start":{},"end":{}}],"line":55},"1":{"loc":{"start":{"line":55,"column":8},"end":{"line":55,"column":26}},"type":"binary-expr","locations":[{"start":{"line":55,"column":8},"end":{"line":55,"column":13}},{"start":{"line":55,"column":17},"end":{"line":55,"column":26}}],"line":55},"2":{"loc":{"start":{"line":65,"column":4},"end":{"line":102,"column":5}},"type":"if","locations":[{"start":{"line":65,"column":4},"end":{"line":102,"column":5}},{"start":{},"end":{}}],"line":65},"3":{"loc":{"start":{"line":67,"column":6},"end":{"line":69,"column":7}},"type":"if","locations":[{"start":{"line":67,"column":6},"end":{"line":69,"column":7}},{"start":{},"end":{}}],"line":67},"4":{"loc":{"start":{"line":89,"column":11},"end":{"line":99,"column":11}},"type":"binary-expr","locations":[{"start":{"line":89,"column":11},"end":{"line":89,"column":18}},{"start":{"line":89,"column":22},"end":{"line":89,"column":38}},{"start":{"line":90,"column":12},"end":{"line":98,"column":19}}],"line":89},"5":{"loc":{"start":{"line":93,"column":15},"end":{"line":97,"column":15}},"type":"binary-expr","locations":[{"start":{"line":93,"column":15},"end":{"line":93,"column":35}},{"start":{"line":94,"column":16},"end":{"line":96,"column":23}}],"line":93}},"s":{"0":0,"1":0,"2":0,"3":0,"4":0,"5":0,"6":0,"7":0,"8":0,"9":0,"10":0,"11":0,"12":0,"13":0,"14":0,"15":0,"16":0,"17":0},"f":{"0":0,"1":0,"2":0,"3":0,"4":0,"5":0},"b":{"0":[0,0],"1":[0,0],"2":[0,0],"3":[0,0],"4":[0,0,0],"5":[0,0]}}
,"C:\\Users\\lloyd\\nurse-app\\src\\components\\layouts\\ScreenLayout.tsx": {"path":"C:\\Users\\lloyd\\nurse-app\\src\\components\\layouts\\ScreenLayout.tsx","statementMap":{"0":{"start":{"line":24,"column":57},"end":{"line":80,"column":1}},"1":{"start":{"line":33,"column":2},"end":{"line":48,"column":3}},"2":{"start":{"line":34,"column":4},"end":{"line":47,"column":6}},"3":{"start":{"line":50,"column":2},"end":{"line":79,"column":4}},"4":{"start":{"line":82,"column":15},"end":{"line":120,"column":2}}},"fnMap":{"0":{"name":"(anonymous_0)","decl":{"start":{"line":24,"column":57},"end":{"line":24,"column":58}},"loc":{"start":{"line":32,"column":6},"end":{"line":80,"column":1}},"line":32}},"branchMap":{"0":{"loc":{"start":{"line":28,"column":2},"end":{"line":28,"column":17}},"type":"default-arg","locations":[{"start":{"line":28,"column":12},"end":{"line":28,"column":17}}],"line":28},"1":{"loc":{"start":{"line":29,"column":2},"end":{"line":29,"column":21}},"type":"default-arg","locations":[{"start":{"line":29,"column":16},"end":{"line":29,"column":21}}],"line":29},"2":{"loc":{"start":{"line":31,"column":2},"end":{"line":31,"column":20}},"type":"default-arg","locations":[{"start":{"line":31,"column":15},"end":{"line":31,"column":20}}],"line":31},"3":{"loc":{"start":{"line":33,"column":2},"end":{"line":48,"column":3}},"type":"if","locations":[{"start":{"line":33,"column":2},"end":{"line":48,"column":3}},{"start":{},"end":{}}],"line":33},"4":{"loc":{"start":{"line":64,"column":10},"end":{"line":71,"column":23}},"type":"cond-expr","locations":[{"start":{"line":65,"column":12},"end":{"line":70,"column":14}},{"start":{"line":71,"column":14},"end":{"line":71,"column":23}}],"line":64},"5":{"loc":{"start":{"line":64,"column":10},"end":{"line":64,"column":34}},"type":"binary-expr","locations":[{"start":{"line":64,"column":10},"end":{"line":64,"column":21}},{"start":{"line":64,"column":25},"end":{"line":64,"column":34}}],"line":64},"6":{"loc":{"start":{"line":75,"column":9},"end":{"line":75,"column":68}},"type":"binary-expr","locations":[{"start":{"line":75,"column":9},"end":{"line":75,"column":17}},{"start":{"line":75,"column":21},"end":{"line":75,"column":68}}],"line":75}},"s":{"0":0,"1":0,"2":0,"3":0,"4":0},"f":{"0":0},"b":{"0":[0],"1":[0],"2":[0],"3":[0,0],"4":[0,0],"5":[0,0],"6":[0,0]}}
,"C:\\Users\\lloyd\\nurse-app\\src\\components\\ui\\Button.tsx": {"path":"C:\\Users\\lloyd\\nurse-app\\src\\components\\ui\\Button.tsx","statementMap":{"0":{"start":{"line":25,"column":22},"end":{"line":30,"column":3}},"1":{"start":{"line":33,"column":20},"end":{"line":37,"column":3}},"2":{"start":{"line":40,"column":20},"end":{"line":44,"column":22}},"3":{"start":{"line":46,"column":2},"end":{"line":75,"column":4}},"4":{"start":{"line":85,"column":2},"end":{"line":90,"column":4}},"5":{"start":{"line":108,"column":2},"end":{"line":142,"column":4}},"6":{"start":{"line":145,"column":15},"end":{"line":190,"column":2}}},"fnMap":{"0":{"name":"Button","decl":{"start":{"line":14,"column":16},"end":{"line":14,"column":22}},"loc":{"start":{"line":23,"column":16},"end":{"line":76,"column":1}},"line":23},"1":{"name":"OutlineButton","decl":{"start":{"line":84,"column":16},"end":{"line":84,"column":29}},"loc":{"start":{"line":84,"column":50},"end":{"line":91,"column":1}},"line":84},"2":{"name":"IconButton","decl":{"start":{"line":99,"column":16},"end":{"line":99,"column":26}},"loc":{"start":{"line":107,"column":76},"end":{"line":143,"column":1}},"line":107}},"branchMap":{"0":{"loc":{"start":{"line":18,"column":2},"end":{"line":18,"column":17}},"type":"default-arg","locations":[{"start":{"line":18,"column":12},"end":{"line":18,"column":17}}],"line":18},"1":{"loc":{"start":{"line":19,"column":2},"end":{"line":19,"column":18}},"type":"default-arg","locations":[{"start":{"line":19,"column":13},"end":{"line":19,"column":18}}],"line":19},"2":{"loc":{"start":{"line":20,"column":2},"end":{"line":20,"column":21}},"type":"default-arg","locations":[{"start":{"line":20,"column":16},"end":{"line":20,"column":21}}],"line":20},"3":{"loc":{"start":{"line":27,"column":4},"end":{"line":27,"column":43}},"type":"binary-expr","locations":[{"start":{"line":27,"column":4},"end":{"line":27,"column":15}},{"start":{"line":27,"column":19},"end":{"line":27,"column":43}}],"line":27},"4":{"loc":{"start":{"line":28,"column":4},"end":{"line":28,"column":50}},"type":"binary-expr","locations":[{"start":{"line":28,"column":5},"end":{"line":28,"column":13}},{"start":{"line":28,"column":17},"end":{"line":28,"column":24}},{"start":{"line":28,"column":29},"end":{"line":28,"column":50}}],"line":28},"5":{"loc":{"start":{"line":35,"column":4},"end":{"line":35,"column":41}},"type":"binary-expr","locations":[{"start":{"line":35,"column":4},"end":{"line":35,"column":15}},{"start":{"line":35,"column":19},"end":{"line":35,"column":41}}],"line":35},"6":{"loc":{"start":{"line":36,"column":4},"end":{"line":36,"column":48}},"type":"binary-expr","locations":[{"start":{"line":36,"column":5},"end":{"line":36,"column":13}},{"start":{"line":36,"column":17},"end":{"line":36,"column":24}},{"start":{"line":36,"column":29},"end":{"line":36,"column":48}}],"line":36},"7":{"loc":{"start":{"line":40,"column":20},"end":{"line":44,"column":22}},"type":"cond-expr","locations":[{"start":{"line":41,"column":6},"end":{"line":41,"column":22}},{"start":{"line":42,"column":6},"end":{"line":44,"column":22}}],"line":40},"8":{"loc":{"start":{"line":42,"column":6},"end":{"line":44,"column":22}},"type":"cond-expr","locations":[{"start":{"line":43,"column":6},"end":{"line":43,"column":26}},{"start":{"line":44,"column":6},"end":{"line":44,"column":22}}],"line":42},"9":{"loc":{"start":{"line":42,"column":6},"end":{"line":42,"column":25}},"type":"binary-expr","locations":[{"start":{"line":42,"column":6},"end":{"line":42,"column":14}},{"start":{"line":42,"column":18},"end":{"line":42,"column":25}}],"line":42},"10":{"loc":{"start":{"line":50,"column":16},"end":{"line":50,"column":35}},"type":"binary-expr","locations":[{"start":{"line":50,"column":16},"end":{"line":50,"column":24}},{"start":{"line":50,"column":28},"end":{"line":50,"column":35}}],"line":50},"11":{"loc":{"start":{"line":52,"column":26},"end":{"line":52,"column":53}},"type":"binary-expr","locations":[{"start":{"line":52,"column":26},"end":{"line":52,"column":44}},{"start":{"line":52,"column":48},"end":{"line":52,"column":53}}],"line":52},"12":{"loc":{"start":{"line":55,"column":18},"end":{"line":55,"column":37}},"type":"binary-expr","locations":[{"start":{"line":55,"column":18},"end":{"line":55,"column":26}},{"start":{"line":55,"column":30},"end":{"line":55,"column":37}}],"line":55},"13":{"loc":{"start":{"line":59,"column":7},"end":{"line":73,"column":7}},"type":"cond-expr","locations":[{"start":{"line":60,"column":8},"end":{"line":60,"column":67}},{"start":{"line":62,"column":8},"end":{"line":72,"column":11}}],"line":59},"14":{"loc":{"start":{"line":63,"column":11},"end":{"line":70,"column":11}},"type":"binary-expr","locations":[{"start":{"line":63,"column":11},"end":{"line":63,"column":15}},{"start":{"line":64,"column":12},"end":{"line":69,"column":14}}],"line":63},"15":{"loc":{"start":{"line":102,"column":2},"end":{"line":102,"column":17}},"type":"default-arg","locations":[{"start":{"line":102,"column":12},"end":{"line":102,"column":17}}],"line":102},"16":{"loc":{"start":{"line":103,"column":2},"end":{"line":103,"column":18}},"type":"default-arg","locations":[{"start":{"line":103,"column":13},"end":{"line":103,"column":18}}],"line":103},"17":{"loc":{"start":{"line":104,"column":2},"end":{"line":104,"column":21}},"type":"default-arg","locations":[{"start":{"line":104,"column":16},"end":{"line":104,"column":21}}],"line":104},"18":{"loc":{"start":{"line":112,"column":8},"end":{"line":112,"column":47}},"type":"binary-expr","locations":[{"start":{"line":112,"column":8},"end":{"line":112,"column":19}},{"start":{"line":112,"column":23},"end":{"line":112,"column":47}}],"line":112},"19":{"loc":{"start":{"line":113,"column":8},"end":{"line":113,"column":54}},"type":"binary-expr","locations":[{"start":{"line":113,"column":9},"end":{"line":113,"column":17}},{"start":{"line":113,"column":21},"end":{"line":113,"column":28}},{"start":{"line":113,"column":33},"end":{"line":113,"column":54}}],"line":113},"20":{"loc":{"start":{"line":117,"column":16},"end":{"line":117,"column":35}},"type":"binary-expr","locations":[{"start":{"line":117,"column":16},"end":{"line":117,"column":24}},{"start":{"line":117,"column":28},"end":{"line":117,"column":35}}],"line":117},"21":{"loc":{"start":{"line":122,"column":18},"end":{"line":122,"column":37}},"type":"binary-expr","locations":[{"start":{"line":122,"column":18},"end":{"line":122,"column":26}},{"start":{"line":122,"column":30},"end":{"line":122,"column":37}}],"line":122},"22":{"loc":{"start":{"line":126,"column":7},"end":{"line":140,"column":7}},"type":"cond-expr","locations":[{"start":{"line":127,"column":8},"end":{"line":127,"column":67}},{"start":{"line":129,"column":8},"end":{"line":139,"column":10}}],"line":126},"23":{"loc":{"start":{"line":133,"column":12},"end":{"line":137,"column":32}},"type":"cond-expr","locations":[{"start":{"line":134,"column":16},"end":{"line":134,"column":32}},{"start":{"line":135,"column":16},"end":{"line":137,"column":32}}],"line":133},"24":{"loc":{"start":{"line":135,"column":16},"end":{"line":137,"column":32}},"type":"cond-expr","locations":[{"start":{"line":136,"column":16},"end":{"line":136,"column":36}},{"start":{"line":137,"column":16},"end":{"line":137,"column":32}}],"line":135}},"s":{"0":0,"1":0,"2":0,"3":0,"4":0,"5":0,"6":0},"f":{"0":0,"1":0,"2":0},"b":{"0":[0],"1":[0],"2":[0],"3":[0,0],"4":[0,0,0],"5":[0,0],"6":[0,0,0],"7":[0,0],"8":[0,0],"9":[0,0],"10":[0,0],"11":[0,0],"12":[0,0],"13":[0,0],"14":[0,0],"15":[0],"16":[0],"17":[0],"18":[0,0],"19":[0,0,0],"20":[0,0],"21":[0,0],"22":[0,0],"23":[0,0],"24":[0,0]}}
,"C:\\Users\\lloyd\\nurse-app\\src\\components\\ui\\EmptyState.tsx": {"path":"C:\\Users\\lloyd\\nurse-app\\src\\components\\ui\\EmptyState.tsx","statementMap":{"0":{"start":{"line":15,"column":46},"end":{"line":40,"column":2}},"1":{"start":{"line":22,"column":2},"end":{"line":39,"column":9}},"2":{"start":{"line":42,"column":0},"end":{"line":42,"column":38}},"3":{"start":{"line":44,"column":71},"end":{"line":52,"column":2}},"4":{"start":{"line":45,"column":2},"end":{"line":51,"column":4}},"5":{"start":{"line":54,"column":0},"end":{"line":54,"column":56}},"6":{"start":{"line":56,"column":39},"end":{"line":62,"column":2}},"7":{"start":{"line":57,"column":2},"end":{"line":61,"column":4}},"8":{"start":{"line":64,"column":0},"end":{"line":64,"column":44}},"9":{"start":{"line":66,"column":15},"end":{"line":99,"column":2}}},"fnMap":{"0":{"name":"(anonymous_0)","decl":{"start":{"line":15,"column":51},"end":{"line":15,"column":52}},"loc":{"start":{"line":22,"column":2},"end":{"line":39,"column":9}},"line":22},"1":{"name":"(anonymous_1)","decl":{"start":{"line":44,"column":76},"end":{"line":44,"column":77}},"loc":{"start":{"line":45,"column":2},"end":{"line":51,"column":4}},"line":45},"2":{"name":"(anonymous_2)","decl":{"start":{"line":56,"column":44},"end":{"line":56,"column":45}},"loc":{"start":{"line":57,"column":2},"end":{"line":61,"column":4}},"line":57}},"branchMap":{"0":{"loc":{"start":{"line":30,"column":5},"end":{"line":38,"column":5}},"type":"binary-expr","locations":[{"start":{"line":30,"column":5},"end":{"line":30,"column":15}},{"start":{"line":30,"column":19},"end":{"line":30,"column":27}},{"start":{"line":31,"column":6},"end":{"line":37,"column":25}}],"line":30}},"s":{"0":0,"1":0,"2":0,"3":0,"4":0,"5":0,"6":0,"7":0,"8":0,"9":0},"f":{"0":0,"1":0,"2":0},"b":{"0":[0,0,0]}}
,"C:\\Users\\lloyd\\nurse-app\\src\\components\\ui\\Section.tsx": {"path":"C:\\Users\\lloyd\\nurse-app\\src\\components\\ui\\Section.tsx","statementMap":{"0":{"start":{"line":11,"column":47},"end":{"line":16,"column":2}},"1":{"start":{"line":12,"column":2},"end":{"line":15,"column":9}},"2":{"start":{"line":18,"column":0},"end":{"line":18,"column":32}},"3":{"start":{"line":20,"column":15},"end":{"line":30,"column":2}}},"fnMap":{"0":{"name":"(anonymous_0)","decl":{"start":{"line":11,"column":52},"end":{"line":11,"column":53}},"loc":{"start":{"line":12,"column":2},"end":{"line":15,"column":9}},"line":12}},"branchMap":{},"s":{"0":0,"1":0,"2":0,"3":0},"f":{"0":0},"b":{}}
,"C:\\Users\\lloyd\\nurse-app\\src\\components\\ui\\SettingsItem.tsx": {"path":"C:\\Users\\lloyd\\nurse-app\\src\\components\\ui\\SettingsItem.tsx","statementMap":{"0":{"start":{"line":15,"column":57},"end":{"line":62,"column":2}},"1":{"start":{"line":22,"column":2},"end":{"line":61,"column":21}},"2":{"start":{"line":64,"column":0},"end":{"line":64,"column":42}},"3":{"start":{"line":66,"column":15},"end":{"line":115,"column":2}}},"fnMap":{"0":{"name":"(anonymous_0)","decl":{"start":{"line":15,"column":62},"end":{"line":15,"column":63}},"loc":{"start":{"line":22,"column":2},"end":{"line":61,"column":21}},"line":22}},"branchMap":{"0":{"loc":{"start":{"line":20,"column":2},"end":{"line":20,"column":21}},"type":"default-arg","locations":[{"start":{"line":20,"column":16},"end":{"line":20,"column":21}}],"line":20},"1":{"loc":{"start":{"line":25,"column":6},"end":{"line":25,"column":43}},"type":"binary-expr","locations":[{"start":{"line":25,"column":6},"end":{"line":25,"column":17}},{"start":{"line":25,"column":21},"end":{"line":25,"column":43}}],"line":25},"2":{"loc":{"start":{"line":33,"column":8},"end":{"line":33,"column":45}},"type":"binary-expr","locations":[{"start":{"line":33,"column":8},"end":{"line":33,"column":19}},{"start":{"line":33,"column":23},"end":{"line":33,"column":45}}],"line":33},"3":{"loc":{"start":{"line":38,"column":17},"end":{"line":38,"column":65}},"type":"cond-expr","locations":[{"start":{"line":38,"column":31},"end":{"line":38,"column":47}},{"start":{"line":38,"column":50},"end":{"line":38,"column":65}}],"line":38},"4":{"loc":{"start":{"line":44,"column":10},"end":{"line":44,"column":47}},"type":"binary-expr","locations":[{"start":{"line":44,"column":10},"end":{"line":44,"column":21}},{"start":{"line":44,"column":25},"end":{"line":44,"column":47}}],"line":44},"5":{"loc":{"start":{"line":50,"column":10},"end":{"line":50,"column":51}},"type":"binary-expr","locations":[{"start":{"line":50,"column":10},"end":{"line":50,"column":21}},{"start":{"line":50,"column":25},"end":{"line":50,"column":51}}],"line":50},"6":{"loc":{"start":{"line":59,"column":13},"end":{"line":59,"column":66}},"type":"cond-expr","locations":[{"start":{"line":59,"column":27},"end":{"line":59,"column":43}},{"start":{"line":59,"column":46},"end":{"line":59,"column":66}}],"line":59}},"s":{"0":0,"1":0,"2":0,"3":0},"f":{"0":0},"b":{"0":[0],"1":[0,0],"2":[0,0],"3":[0,0],"4":[0,0],"5":[0,0],"6":[0,0]}}
,"C:\\Users\\lloyd\\nurse-app\\src\\constants\\index.ts": {"path":"C:\\Users\\lloyd\\nurse-app\\src\\constants\\index.ts","statementMap":{"0":{"start":{"line":3,"column":26},"end":{"line":16,"column":10}},"1":{"start":{"line":18,"column":45},"end":{"line":25,"column":1}},"2":{"start":{"line":27,"column":40},"end":{"line":32,"column":1}},"3":{"start":{"line":34,"column":41},"end":{"line":39,"column":10}},"4":{"start":{"line":41,"column":28},"end":{"line":54,"column":10}}},"fnMap":{},"branchMap":{},"s":{"0":0,"1":0,"2":0,"3":0,"4":0},"f":{},"b":{}}
,"C:\\Users\\lloyd\\nurse-app\\src\\constants\\strings.ts": {"path":"C:\\Users\\lloyd\\nurse-app\\src\\constants\\strings.ts","statementMap":{"0":{"start":{"line":6,"column":23},"end":{"line":105,"column":10}}},"fnMap":{},"branchMap":{},"s":{"0":0},"f":{},"b":{}}
,"C:\\Users\\lloyd\\nurse-app\\src\\constants\\ui.ts": {"path":"C:\\Users\\lloyd\\nurse-app\\src\\constants\\ui.ts","statementMap":{"0":{"start":{"line":5,"column":25},"end":{"line":85,"column":10}}},"fnMap":{},"branchMap":{},"s":{"0":0},"f":{},"b":{}}
,"C:\\Users\\lloyd\\nurse-app\\src\\constants\\voice.ts": {"path":"C:\\Users\\lloyd\\nurse-app\\src\\constants\\voice.ts","statementMap":{"0":{"start":{"line":9,"column":32},"end":{"line":15,"column":10}},"1":{"start":{"line":21,"column":29},"end":{"line":55,"column":10}},"2":{"start":{"line":63,"column":21},"end":{"line":67,"column":3}},"3":{"start":{"line":69,"column":2},"end":{"line":69,"column":67}}},"fnMap":{"0":{"name":"getRandomVoiceSample","decl":{"start":{"line":62,"column":16},"end":{"line":62,"column":36}},"loc":{"start":{"line":62,"column":47},"end":{"line":70,"column":1}},"line":62}},"branchMap":{},"s":{"0":0,"1":0,"2":0,"3":0},"f":{"0":0},"b":{}}
,"C:\\Users\\lloyd\\nurse-app\\src\\hooks\\useAppState.ts": {"path":"C:\\Users\\lloyd\\nurse-app\\src\\hooks\\useAppState.ts","statementMap":{"0":{"start":{"line":10,"column":22},"end":{"line":10,"column":51}},"1":{"start":{"line":11,"column":34},"end":{"line":11,"column":63}},"2":{"start":{"line":12,"column":34},"end":{"line":12,"column":65}},"3":{"start":{"line":13,"column":42},"end":{"line":13,"column":77}},"4":{"start":{"line":14,"column":38},"end":{"line":14,"column":71}},"5":{"start":{"line":21,"column":31},"end":{"line":43,"column":8}},"6":{"start":{"line":24,"column":6},"end":{"line":24,"column":83}},"7":{"start":{"line":28,"column":6},"end":{"line":28,"column":83}},"8":{"start":{"line":31,"column":4},"end":{"line":31,"column":39}},"9":{"start":{"line":32,"column":4},"end":{"line":32,"column":30}},"10":{"start":{"line":33,"column":4},"end":{"line":33,"column":43}},"11":{"start":{"line":34,"column":4},"end":{"line":34,"column":51}},"12":{"start":{"line":35,"column":4},"end":{"line":35,"column":47}},"13":{"start":{"line":38,"column":4},"end":{"line":42,"column":5}},"14":{"start":{"line":39,"column":6},"end":{"line":39,"column":21}},"15":{"start":{"line":40,"column":11},"end":{"line":42,"column":5}},"16":{"start":{"line":41,"column":6},"end":{"line":41,"column":21}},"17":{"start":{"line":48,"column":23},"end":{"line":51,"column":8}},"18":{"start":{"line":56,"column":23},"end":{"line":59,"column":8}},"19":{"start":{"line":62,"column":2},"end":{"line":68,"column":29}},"20":{"start":{"line":63,"column":25},"end":{"line":63,"column":82}},"21":{"start":{"line":65,"column":4},"end":{"line":67,"column":6}},"22":{"start":{"line":66,"column":6},"end":{"line":66,"column":28}},"23":{"start":{"line":70,"column":2},"end":{"line":77,"column":4}}},"fnMap":{"0":{"name":"useAppState","decl":{"start":{"line":9,"column":16},"end":{"line":9,"column":27}},"loc":{"start":{"line":9,"column":30},"end":{"line":78,"column":1}},"line":9},"1":{"name":"(anonymous_1)","decl":{"start":{"line":21,"column":43},"end":{"line":21,"column":44}},"loc":{"start":{"line":21,"column":77},"end":{"line":43,"column":3}},"line":21},"2":{"name":"(anonymous_2)","decl":{"start":{"line":48,"column":35},"end":{"line":48,"column":36}},"loc":{"start":{"line":48,"column":41},"end":{"line":51,"column":3}},"line":48},"3":{"name":"(anonymous_3)","decl":{"start":{"line":56,"column":35},"end":{"line":56,"column":36}},"loc":{"start":{"line":56,"column":41},"end":{"line":59,"column":3}},"line":56},"4":{"name":"(anonymous_4)","decl":{"start":{"line":62,"column":12},"end":{"line":62,"column":13}},"loc":{"start":{"line":62,"column":18},"end":{"line":68,"column":3}},"line":62},"5":{"name":"(anonymous_5)","decl":{"start":{"line":65,"column":11},"end":{"line":65,"column":12}},"loc":{"start":{"line":65,"column":17},"end":{"line":67,"column":5}},"line":65}},"branchMap":{"0":{"loc":{"start":{"line":24,"column":6},"end":{"line":24,"column":83}},"type":"binary-expr","locations":[{"start":{"line":24,"column":6},"end":{"line":24,"column":54}},{"start":{"line":24,"column":58},"end":{"line":24,"column":83}}],"line":24},"1":{"loc":{"start":{"line":28,"column":6},"end":{"line":28,"column":83}},"type":"binary-expr","locations":[{"start":{"line":28,"column":6},"end":{"line":28,"column":38}},{"start":{"line":28,"column":42},"end":{"line":28,"column":83}}],"line":28},"2":{"loc":{"start":{"line":38,"column":4},"end":{"line":42,"column":5}},"type":"if","locations":[{"start":{"line":38,"column":4},"end":{"line":42,"column":5}},{"start":{"line":40,"column":11},"end":{"line":42,"column":5}}],"line":38},"3":{"loc":{"start":{"line":40,"column":11},"end":{"line":42,"column":5}},"type":"if","locations":[{"start":{"line":40,"column":11},"end":{"line":42,"column":5}},{"start":{},"end":{}}],"line":40}},"s":{"0":0,"1":0,"2":0,"3":0,"4":0,"5":0,"6":0,"7":0,"8":0,"9":0,"10":0,"11":0,"12":0,"13":0,"14":0,"15":0,"16":0,"17":0,"18":0,"19":0,"20":0,"21":0,"22":0,"23":0},"f":{"0":0,"1":0,"2":0,"3":0,"4":0,"5":0},"b":{"0":[0,0],"1":[0,0],"2":[0,0],"3":[0,0]}}
,"C:\\Users\\lloyd\\nurse-app\\src\\hooks\\useCpd.ts": {"path":"C:\\Users\\lloyd\\nurse-app\\src\\hooks\\useCpd.ts","statementMap":{"0":{"start":{"line":21,"column":22},"end":{"line":271,"column":1}},"1":{"start":{"line":22,"column":26},"end":{"line":22,"column":48}},"2":{"start":{"line":23,"column":32},"end":{"line":23,"column":46}},"3":{"start":{"line":24,"column":28},"end":{"line":24,"column":57}},"4":{"start":{"line":30,"column":2},"end":{"line":38,"column":9}},"5":{"start":{"line":31,"column":24},"end":{"line":35,"column":6}},"6":{"start":{"line":32,"column":6},"end":{"line":32,"column":23}},"7":{"start":{"line":33,"column":6},"end":{"line":33,"column":24}},"8":{"start":{"line":34,"column":6},"end":{"line":34,"column":21}},"9":{"start":{"line":37,"column":4},"end":{"line":37,"column":23}},"10":{"start":{"line":44,"column":21},"end":{"line":44,"column":70}},"11":{"start":{"line":44,"column":35},"end":{"line":44,"column":61}},"12":{"start":{"line":50,"column":28},"end":{"line":68,"column":12}},"13":{"start":{"line":53,"column":4},"end":{"line":64,"column":37}},"14":{"start":{"line":57,"column":6},"end":{"line":57,"column":63}},"15":{"start":{"line":60,"column":6},"end":{"line":60,"column":17}},"16":{"start":{"line":74,"column":21},"end":{"line":74,"column":61}},"17":{"start":{"line":74,"column":35},"end":{"line":74,"column":52}},"18":{"start":{"line":84,"column":17},"end":{"line":107,"column":8}},"19":{"start":{"line":85,"column":4},"end":{"line":106,"column":5}},"20":{"start":{"line":87,"column":6},"end":{"line":87,"column":23}},"21":{"start":{"line":91,"column":21},"end":{"line":91,"column":49}},"22":{"start":{"line":92,"column":6},"end":{"line":92,"column":20}},"23":{"start":{"line":97,"column":6},"end":{"line":97,"column":73}},"24":{"start":{"line":101,"column":6},"end":{"line":101,"column":16}},"25":{"start":{"line":105,"column":6},"end":{"line":105,"column":24}},"26":{"start":{"line":118,"column":20},"end":{"line":129,"column":8}},"27":{"start":{"line":119,"column":4},"end":{"line":128,"column":5}},"28":{"start":{"line":120,"column":6},"end":{"line":120,"column":23}},"29":{"start":{"line":121,"column":25},"end":{"line":121,"column":64}},"30":{"start":{"line":122,"column":6},"end":{"line":122,"column":24}},"31":{"start":{"line":124,"column":6},"end":{"line":124,"column":76}},"32":{"start":{"line":125,"column":6},"end":{"line":125,"column":16}},"33":{"start":{"line":127,"column":6},"end":{"line":127,"column":24}},"34":{"start":{"line":139,"column":20},"end":{"line":150,"column":8}},"35":{"start":{"line":140,"column":4},"end":{"line":149,"column":5}},"36":{"start":{"line":141,"column":6},"end":{"line":141,"column":23}},"37":{"start":{"line":142,"column":22},"end":{"line":142,"column":52}},"38":{"start":{"line":143,"column":6},"end":{"line":143,"column":21}},"39":{"start":{"line":145,"column":6},"end":{"line":145,"column":76}},"40":{"start":{"line":146,"column":6},"end":{"line":146,"column":16}},"41":{"start":{"line":148,"column":6},"end":{"line":148,"column":24}},"42":{"start":{"line":158,"column":28},"end":{"line":160,"column":8}},"43":{"start":{"line":159,"column":4},"end":{"line":159,"column":50}},"44":{"start":{"line":168,"column":21},"end":{"line":170,"column":8}},"45":{"start":{"line":169,"column":4},"end":{"line":169,"column":40}},"46":{"start":{"line":179,"column":21},"end":{"line":189,"column":8}},"47":{"start":{"line":180,"column":4},"end":{"line":188,"column":5}},"48":{"start":{"line":181,"column":6},"end":{"line":181,"column":23}},"49":{"start":{"line":182,"column":6},"end":{"line":182,"column":43}},"50":{"start":{"line":184,"column":6},"end":{"line":184,"column":77}},"51":{"start":{"line":185,"column":6},"end":{"line":185,"column":16}},"52":{"start":{"line":187,"column":6},"end":{"line":187,"column":24}},"53":{"start":{"line":199,"column":21},"end":{"line":209,"column":8}},"54":{"start":{"line":200,"column":4},"end":{"line":208,"column":5}},"55":{"start":{"line":201,"column":6},"end":{"line":201,"column":23}},"56":{"start":{"line":202,"column":6},"end":{"line":202,"column":40}},"57":{"start":{"line":204,"column":6},"end":{"line":204,"column":77}},"58":{"start":{"line":205,"column":6},"end":{"line":205,"column":16}},"59":{"start":{"line":207,"column":6},"end":{"line":207,"column":24}},"60":{"start":{"line":218,"column":19},"end":{"line":228,"column":8}},"61":{"start":{"line":219,"column":4},"end":{"line":227,"column":5}},"62":{"start":{"line":220,"column":6},"end":{"line":220,"column":23}},"63":{"start":{"line":221,"column":6},"end":{"line":221,"column":34}},"64":{"start":{"line":223,"column":6},"end":{"line":223,"column":76}},"65":{"start":{"line":224,"column":6},"end":{"line":224,"column":16}},"66":{"start":{"line":226,"column":6},"end":{"line":226,"column":24}},"67":{"start":{"line":237,"column":29},"end":{"line":239,"column":8}},"68":{"start":{"line":238,"column":4},"end":{"line":238,"column":61}},"69":{"start":{"line":244,"column":21},"end":{"line":246,"column":8}},"70":{"start":{"line":245,"column":4},"end":{"line":245,"column":19}},"71":{"start":{"line":248,"column":2},"end":{"line":270,"column":4}}},"fnMap":{"0":{"name":"(anonymous_0)","decl":{"start":{"line":21,"column":22},"end":{"line":21,"column":23}},"loc":{"start":{"line":21,"column":28},"end":{"line":271,"column":1}},"line":21},"1":{"name":"(anonymous_1)","decl":{"start":{"line":30,"column":12},"end":{"line":30,"column":13}},"loc":{"start":{"line":30,"column":18},"end":{"line":38,"column":3}},"line":30},"2":{"name":"(anonymous_2)","decl":{"start":{"line":31,"column":45},"end":{"line":31,"column":46}},"loc":{"start":{"line":31,"column":58},"end":{"line":35,"column":5}},"line":31},"3":{"name":"(anonymous_3)","decl":{"start":{"line":44,"column":29},"end":{"line":44,"column":30}},"loc":{"start":{"line":44,"column":35},"end":{"line":44,"column":61}},"line":44},"4":{"name":"(anonymous_4)","decl":{"start":{"line":50,"column":36},"end":{"line":50,"column":37}},"loc":{"start":{"line":50,"column":42},"end":{"line":68,"column":3}},"line":50},"5":{"name":"(anonymous_5)","decl":{"start":{"line":53,"column":23},"end":{"line":53,"column":24}},"loc":{"start":{"line":53,"column":37},"end":{"line":64,"column":5}},"line":53},"6":{"name":"(anonymous_6)","decl":{"start":{"line":74,"column":29},"end":{"line":74,"column":30}},"loc":{"start":{"line":74,"column":35},"end":{"line":74,"column":52}},"line":74},"7":{"name":"(anonymous_7)","decl":{"start":{"line":84,"column":29},"end":{"line":84,"column":30}},"loc":{"start":{"line":84,"column":78},"end":{"line":107,"column":3}},"line":84},"8":{"name":"(anonymous_8)","decl":{"start":{"line":118,"column":32},"end":{"line":118,"column":33}},"loc":{"start":{"line":118,"column":80},"end":{"line":129,"column":3}},"line":118},"9":{"name":"(anonymous_9)","decl":{"start":{"line":139,"column":32},"end":{"line":139,"column":33}},"loc":{"start":{"line":139,"column":54},"end":{"line":150,"column":3}},"line":139},"10":{"name":"(anonymous_10)","decl":{"start":{"line":158,"column":40},"end":{"line":158,"column":41}},"loc":{"start":{"line":158,"column":67},"end":{"line":160,"column":3}},"line":158},"11":{"name":"(anonymous_11)","decl":{"start":{"line":168,"column":33},"end":{"line":168,"column":34}},"loc":{"start":{"line":168,"column":52},"end":{"line":170,"column":3}},"line":168},"12":{"name":"(anonymous_12)","decl":{"start":{"line":179,"column":33},"end":{"line":179,"column":34}},"loc":{"start":{"line":179,"column":45},"end":{"line":189,"column":3}},"line":179},"13":{"name":"(anonymous_13)","decl":{"start":{"line":199,"column":33},"end":{"line":199,"column":34}},"loc":{"start":{"line":199,"column":57},"end":{"line":209,"column":3}},"line":199},"14":{"name":"(anonymous_14)","decl":{"start":{"line":218,"column":31},"end":{"line":218,"column":32}},"loc":{"start":{"line":218,"column":43},"end":{"line":228,"column":3}},"line":218},"15":{"name":"(anonymous_15)","decl":{"start":{"line":237,"column":41},"end":{"line":237,"column":42}},"loc":{"start":{"line":237,"column":77},"end":{"line":239,"column":3}},"line":237},"16":{"name":"(anonymous_16)","decl":{"start":{"line":244,"column":33},"end":{"line":244,"column":34}},"loc":{"start":{"line":244,"column":39},"end":{"line":246,"column":3}},"line":244}},"branchMap":{"0":{"loc":{"start":{"line":57,"column":27},"end":{"line":57,"column":49}},"type":"binary-expr","locations":[{"start":{"line":57,"column":27},"end":{"line":57,"column":44}},{"start":{"line":57,"column":48},"end":{"line":57,"column":49}}],"line":57},"1":{"loc":{"start":{"line":97,"column":15},"end":{"line":97,"column":71}},"type":"cond-expr","locations":[{"start":{"line":97,"column":38},"end":{"line":97,"column":49}},{"start":{"line":97,"column":52},"end":{"line":97,"column":71}}],"line":97},"2":{"loc":{"start":{"line":124,"column":15},"end":{"line":124,"column":74}},"type":"cond-expr","locations":[{"start":{"line":124,"column":38},"end":{"line":124,"column":49}},{"start":{"line":124,"column":52},"end":{"line":124,"column":74}}],"line":124},"3":{"loc":{"start":{"line":145,"column":15},"end":{"line":145,"column":74}},"type":"cond-expr","locations":[{"start":{"line":145,"column":38},"end":{"line":145,"column":49}},{"start":{"line":145,"column":52},"end":{"line":145,"column":74}}],"line":145},"4":{"loc":{"start":{"line":184,"column":15},"end":{"line":184,"column":75}},"type":"cond-expr","locations":[{"start":{"line":184,"column":38},"end":{"line":184,"column":49}},{"start":{"line":184,"column":52},"end":{"line":184,"column":75}}],"line":184},"5":{"loc":{"start":{"line":204,"column":15},"end":{"line":204,"column":75}},"type":"cond-expr","locations":[{"start":{"line":204,"column":38},"end":{"line":204,"column":49}},{"start":{"line":204,"column":52},"end":{"line":204,"column":75}}],"line":204},"6":{"loc":{"start":{"line":223,"column":15},"end":{"line":223,"column":74}},"type":"cond-expr","locations":[{"start":{"line":223,"column":38},"end":{"line":223,"column":49}},{"start":{"line":223,"column":52},"end":{"line":223,"column":74}}],"line":223}},"s":{"0":0,"1":0,"2":0,"3":0,"4":0,"5":0,"6":0,"7":0,"8":0,"9":0,"10":0,"11":0,"12":0,"13":0,"14":0,"15":0,"16":0,"17":0,"18":0,"19":0,"20":0,"21":0,"22":0,"23":0,"24":0,"25":0,"26":0,"27":0,"28":0,"29":0,"30":0,"31":0,"32":0,"33":0,"34":0,"35":0,"36":0,"37":0,"38":0,"39":0,"40":0,"41":0,"42":0,"43":0,"44":0,"45":0,"46":0,"47":0,"48":0,"49":0,"50":0,"51":0,"52":0,"53":0,"54":0,"55":0,"56":0,"57":0,"58":0,"59":0,"60":0,"61":0,"62":0,"63":0,"64":0,"65":0,"66":0,"67":0,"68":0,"69":0,"70":0,"71":0},"f":{"0":0,"1":0,"2":0,"3":0,"4":0,"5":0,"6":0,"7":0,"8":0,"9":0,"10":0,"11":0,"12":0,"13":0,"14":0,"15":0,"16":0},"b":{"0":[0,0],"1":[0,0],"2":[0,0],"3":[0,0],"4":[0,0],"5":[0,0],"6":[0,0]}}
,"C:\\Users\\lloyd\\nurse-app\\src\\hooks\\useCpdV2.ts": {"path":"C:\\Users\\lloyd\\nurse-app\\src\\hooks\\useCpdV2.ts","statementMap":{"0":{"start":{"line":29,"column":31},"end":{"line":34,"column":1}},"1":{"start":{"line":41,"column":2},"end":{"line":73,"column":3}},"2":{"start":{"line":43,"column":6},"end":{"line":43,"column":48}},"3":{"start":{"line":46,"column":6},"end":{"line":46,"column":51}},"4":{"start":{"line":49,"column":6},"end":{"line":49,"column":49}},"5":{"start":{"line":52,"column":6},"end":{"line":52,"column":39}},"6":{"start":{"line":55,"column":28},"end":{"line":55,"column":59}},"7":{"start":{"line":56,"column":6},"end":{"line":56,"column":44}},"8":{"start":{"line":57,"column":6},"end":{"line":57,"column":74}},"9":{"start":{"line":61,"column":28},"end":{"line":61,"column":59}},"10":{"start":{"line":62,"column":6},"end":{"line":62,"column":47}},"11":{"start":{"line":64,"column":6},"end":{"line":68,"column":8}},"12":{"start":{"line":72,"column":6},"end":{"line":72,"column":19}},"13":{"start":{"line":91,"column":24},"end":{"line":399,"column":1}},"14":{"start":{"line":92,"column":28},"end":{"line":92,"column":64}},"15":{"start":{"line":93,"column":35},"end":{"line":93,"column":40}},"16":{"start":{"line":96,"column":23},"end":{"line":96,"column":35}},"17":{"start":{"line":98,"column":2},"end":{"line":106,"column":9}},"18":{"start":{"line":100,"column":4},"end":{"line":100,"column":32}},"19":{"start":{"line":102,"column":4},"end":{"line":105,"column":6}},"20":{"start":{"line":104,"column":6},"end":{"line":104,"column":35}},"21":{"start":{"line":113,"column":2},"end":{"line":123,"column":9}},"22":{"start":{"line":114,"column":24},"end":{"line":120,"column":6}},"23":{"start":{"line":115,"column":6},"end":{"line":119,"column":7}},"24":{"start":{"line":116,"column":8},"end":{"line":116,"column":57}},"25":{"start":{"line":117,"column":8},"end":{"line":117,"column":58}},"26":{"start":{"line":118,"column":8},"end":{"line":118,"column":55}},"27":{"start":{"line":122,"column":4},"end":{"line":122,"column":23}},"28":{"start":{"line":129,"column":21},"end":{"line":129,"column":70}},"29":{"start":{"line":129,"column":35},"end":{"line":129,"column":61}},"30":{"start":{"line":135,"column":28},"end":{"line":140,"column":12}},"31":{"start":{"line":136,"column":4},"end":{"line":139,"column":37}},"32":{"start":{"line":137,"column":6},"end":{"line":137,"column":63}},"33":{"start":{"line":138,"column":6},"end":{"line":138,"column":17}},"34":{"start":{"line":146,"column":21},"end":{"line":146,"column":61}},"35":{"start":{"line":146,"column":35},"end":{"line":146,"column":52}},"36":{"start":{"line":155,"column":28},"end":{"line":157,"column":8}},"37":{"start":{"line":156,"column":4},"end":{"line":156,"column":90}},"38":{"start":{"line":166,"column":17},"end":{"line":190,"column":25}},"39":{"start":{"line":167,"column":24},"end":{"line":167,"column":52}},"40":{"start":{"line":169,"column":4},"end":{"line":189,"column":5}},"41":{"start":{"line":171,"column":6},"end":{"line":171,"column":57}},"42":{"start":{"line":173,"column":21},"end":{"line":173,"column":49}},"43":{"start":{"line":174,"column":6},"end":{"line":174,"column":20}},"44":{"start":{"line":177,"column":6},"end":{"line":182,"column":7}},"45":{"start":{"line":178,"column":8},"end":{"line":181,"column":11}},"46":{"start":{"line":183,"column":6},"end":{"line":183,"column":16}},"47":{"start":{"line":186,"column":6},"end":{"line":188,"column":7}},"48":{"start":{"line":187,"column":8},"end":{"line":187,"column":57}},"49":{"start":{"line":200,"column":20},"end":{"line":221,"column":25}},"50":{"start":{"line":201,"column":24},"end":{"line":201,"column":55}},"51":{"start":{"line":203,"column":4},"end":{"line":220,"column":5}},"52":{"start":{"line":204,"column":6},"end":{"line":204,"column":57}},"53":{"start":{"line":206,"column":25},"end":{"line":206,"column":64}},"54":{"start":{"line":207,"column":6},"end":{"line":207,"column":24}},"55":{"start":{"line":209,"column":6},"end":{"line":214,"column":7}},"56":{"start":{"line":210,"column":8},"end":{"line":213,"column":11}},"57":{"start":{"line":215,"column":6},"end":{"line":215,"column":16}},"58":{"start":{"line":217,"column":6},"end":{"line":219,"column":7}},"59":{"start":{"line":218,"column":8},"end":{"line":218,"column":57}},"60":{"start":{"line":230,"column":20},"end":{"line":251,"column":25}},"61":{"start":{"line":231,"column":24},"end":{"line":231,"column":55}},"62":{"start":{"line":233,"column":4},"end":{"line":250,"column":5}},"63":{"start":{"line":234,"column":6},"end":{"line":234,"column":57}},"64":{"start":{"line":236,"column":22},"end":{"line":236,"column":52}},"65":{"start":{"line":237,"column":6},"end":{"line":237,"column":21}},"66":{"start":{"line":239,"column":6},"end":{"line":244,"column":7}},"67":{"start":{"line":240,"column":8},"end":{"line":243,"column":11}},"68":{"start":{"line":245,"column":6},"end":{"line":245,"column":16}},"69":{"start":{"line":247,"column":6},"end":{"line":249,"column":7}},"70":{"start":{"line":248,"column":8},"end":{"line":248,"column":57}},"71":{"start":{"line":259,"column":28},"end":{"line":261,"column":8}},"72":{"start":{"line":260,"column":4},"end":{"line":260,"column":50}},"73":{"start":{"line":269,"column":21},"end":{"line":271,"column":8}},"74":{"start":{"line":270,"column":4},"end":{"line":270,"column":40}},"75":{"start":{"line":279,"column":21},"end":{"line":299,"column":25}},"76":{"start":{"line":280,"column":24},"end":{"line":280,"column":56}},"77":{"start":{"line":282,"column":4},"end":{"line":298,"column":5}},"78":{"start":{"line":283,"column":6},"end":{"line":283,"column":57}},"79":{"start":{"line":285,"column":6},"end":{"line":285,"column":43}},"80":{"start":{"line":287,"column":6},"end":{"line":292,"column":7}},"81":{"start":{"line":288,"column":8},"end":{"line":291,"column":11}},"82":{"start":{"line":293,"column":6},"end":{"line":293,"column":16}},"83":{"start":{"line":295,"column":6},"end":{"line":297,"column":7}},"84":{"start":{"line":296,"column":8},"end":{"line":296,"column":57}},"85":{"start":{"line":308,"column":21},"end":{"line":328,"column":25}},"86":{"start":{"line":309,"column":24},"end":{"line":309,"column":56}},"87":{"start":{"line":311,"column":4},"end":{"line":327,"column":5}},"88":{"start":{"line":312,"column":6},"end":{"line":312,"column":57}},"89":{"start":{"line":314,"column":6},"end":{"line":314,"column":40}},"90":{"start":{"line":316,"column":6},"end":{"line":321,"column":7}},"91":{"start":{"line":317,"column":8},"end":{"line":320,"column":11}},"92":{"start":{"line":322,"column":6},"end":{"line":322,"column":16}},"93":{"start":{"line":324,"column":6},"end":{"line":326,"column":7}},"94":{"start":{"line":325,"column":8},"end":{"line":325,"column":57}},"95":{"start":{"line":336,"column":19},"end":{"line":356,"column":25}},"96":{"start":{"line":337,"column":24},"end":{"line":337,"column":54}},"97":{"start":{"line":339,"column":4},"end":{"line":355,"column":5}},"98":{"start":{"line":340,"column":6},"end":{"line":340,"column":57}},"99":{"start":{"line":342,"column":6},"end":{"line":342,"column":34}},"100":{"start":{"line":344,"column":6},"end":{"line":349,"column":7}},"101":{"start":{"line":345,"column":8},"end":{"line":348,"column":11}},"102":{"start":{"line":350,"column":6},"end":{"line":350,"column":16}},"103":{"start":{"line":352,"column":6},"end":{"line":354,"column":7}},"104":{"start":{"line":353,"column":8},"end":{"line":353,"column":57}},"105":{"start":{"line":365,"column":29},"end":{"line":367,"column":8}},"106":{"start":{"line":366,"column":4},"end":{"line":366,"column":61}},"107":{"start":{"line":372,"column":21},"end":{"line":374,"column":8}},"108":{"start":{"line":373,"column":4},"end":{"line":373,"column":38}},"109":{"start":{"line":376,"column":2},"end":{"line":398,"column":4}}},"fnMap":{"0":{"name":"cpdReducer","decl":{"start":{"line":40,"column":9},"end":{"line":40,"column":19}},"loc":{"start":{"line":40,"column":67},"end":{"line":74,"column":1}},"line":40},"1":{"name":"(anonymous_1)","decl":{"start":{"line":91,"column":24},"end":{"line":91,"column":25}},"loc":{"start":{"line":91,"column":30},"end":{"line":399,"column":1}},"line":91},"2":{"name":"(anonymous_2)","decl":{"start":{"line":98,"column":12},"end":{"line":98,"column":13}},"loc":{"start":{"line":98,"column":18},"end":{"line":106,"column":3}},"line":98},"3":{"name":"(anonymous_3)","decl":{"start":{"line":102,"column":11},"end":{"line":102,"column":12}},"loc":{"start":{"line":102,"column":17},"end":{"line":105,"column":5}},"line":102},"4":{"name":"(anonymous_4)","decl":{"start":{"line":113,"column":12},"end":{"line":113,"column":13}},"loc":{"start":{"line":113,"column":18},"end":{"line":123,"column":3}},"line":113},"5":{"name":"(anonymous_5)","decl":{"start":{"line":114,"column":45},"end":{"line":114,"column":46}},"loc":{"start":{"line":114,"column":58},"end":{"line":120,"column":5}},"line":114},"6":{"name":"(anonymous_6)","decl":{"start":{"line":129,"column":29},"end":{"line":129,"column":30}},"loc":{"start":{"line":129,"column":35},"end":{"line":129,"column":61}},"line":129},"7":{"name":"(anonymous_7)","decl":{"start":{"line":135,"column":36},"end":{"line":135,"column":37}},"loc":{"start":{"line":135,"column":42},"end":{"line":140,"column":3}},"line":135},"8":{"name":"(anonymous_8)","decl":{"start":{"line":136,"column":23},"end":{"line":136,"column":24}},"loc":{"start":{"line":136,"column":37},"end":{"line":139,"column":5}},"line":136},"9":{"name":"(anonymous_9)","decl":{"start":{"line":146,"column":29},"end":{"line":146,"column":30}},"loc":{"start":{"line":146,"column":35},"end":{"line":146,"column":52}},"line":146},"10":{"name":"(anonymous_10)","decl":{"start":{"line":155,"column":40},"end":{"line":155,"column":41}},"loc":{"start":{"line":155,"column":75},"end":{"line":157,"column":3}},"line":155},"11":{"name":"(anonymous_11)","decl":{"start":{"line":166,"column":29},"end":{"line":166,"column":30}},"loc":{"start":{"line":166,"column":78},"end":{"line":190,"column":3}},"line":166},"12":{"name":"(anonymous_12)","decl":{"start":{"line":200,"column":32},"end":{"line":200,"column":33}},"loc":{"start":{"line":200,"column":80},"end":{"line":221,"column":3}},"line":200},"13":{"name":"(anonymous_13)","decl":{"start":{"line":230,"column":32},"end":{"line":230,"column":33}},"loc":{"start":{"line":230,"column":54},"end":{"line":251,"column":3}},"line":230},"14":{"name":"(anonymous_14)","decl":{"start":{"line":259,"column":40},"end":{"line":259,"column":41}},"loc":{"start":{"line":259,"column":67},"end":{"line":261,"column":3}},"line":259},"15":{"name":"(anonymous_15)","decl":{"start":{"line":269,"column":33},"end":{"line":269,"column":34}},"loc":{"start":{"line":269,"column":52},"end":{"line":271,"column":3}},"line":269},"16":{"name":"(anonymous_16)","decl":{"start":{"line":279,"column":33},"end":{"line":279,"column":34}},"loc":{"start":{"line":279,"column":45},"end":{"line":299,"column":3}},"line":279},"17":{"name":"(anonymous_17)","decl":{"start":{"line":308,"column":33},"end":{"line":308,"column":34}},"loc":{"start":{"line":308,"column":57},"end":{"line":328,"column":3}},"line":308},"18":{"name":"(anonymous_18)","decl":{"start":{"line":336,"column":31},"end":{"line":336,"column":32}},"loc":{"start":{"line":336,"column":43},"end":{"line":356,"column":3}},"line":336},"19":{"name":"(anonymous_19)","decl":{"start":{"line":365,"column":41},"end":{"line":365,"column":42}},"loc":{"start":{"line":365,"column":77},"end":{"line":367,"column":3}},"line":365},"20":{"name":"(anonymous_20)","decl":{"start":{"line":372,"column":33},"end":{"line":372,"column":34}},"loc":{"start":{"line":372,"column":39},"end":{"line":374,"column":3}},"line":372}},"branchMap":{"0":{"loc":{"start":{"line":41,"column":2},"end":{"line":73,"column":3}},"type":"switch","locations":[{"start":{"line":42,"column":4},"end":{"line":43,"column":48}},{"start":{"line":45,"column":4},"end":{"line":46,"column":51}},{"start":{"line":48,"column":4},"end":{"line":49,"column":49}},{"start":{"line":51,"column":4},"end":{"line":52,"column":39}},{"start":{"line":54,"column":4},"end":{"line":58,"column":5}},{"start":{"line":60,"column":4},"end":{"line":69,"column":5}},{"start":{"line":71,"column":4},"end":{"line":72,"column":19}}],"line":41},"1":{"loc":{"start":{"line":115,"column":6},"end":{"line":119,"column":7}},"type":"if","locations":[{"start":{"line":115,"column":6},"end":{"line":119,"column":7}},{"start":{},"end":{}}],"line":115},"2":{"loc":{"start":{"line":137,"column":27},"end":{"line":137,"column":49}},"type":"binary-expr","locations":[{"start":{"line":137,"column":27},"end":{"line":137,"column":44}},{"start":{"line":137,"column":48},"end":{"line":137,"column":49}}],"line":137},"3":{"loc":{"start":{"line":177,"column":6},"end":{"line":182,"column":7}},"type":"if","locations":[{"start":{"line":177,"column":6},"end":{"line":182,"column":7}},{"start":{},"end":{}}],"line":177},"4":{"loc":{"start":{"line":180,"column":19},"end":{"line":180,"column":75}},"type":"cond-expr","locations":[{"start":{"line":180,"column":42},"end":{"line":180,"column":53}},{"start":{"line":180,"column":56},"end":{"line":180,"column":75}}],"line":180},"5":{"loc":{"start":{"line":186,"column":6},"end":{"line":188,"column":7}},"type":"if","locations":[{"start":{"line":186,"column":6},"end":{"line":188,"column":7}},{"start":{},"end":{}}],"line":186},"6":{"loc":{"start":{"line":209,"column":6},"end":{"line":214,"column":7}},"type":"if","locations":[{"start":{"line":209,"column":6},"end":{"line":214,"column":7}},{"start":{},"end":{}}],"line":209},"7":{"loc":{"start":{"line":212,"column":19},"end":{"line":212,"column":78}},"type":"cond-expr","locations":[{"start":{"line":212,"column":42},"end":{"line":212,"column":53}},{"start":{"line":212,"column":56},"end":{"line":212,"column":78}}],"line":212},"8":{"loc":{"start":{"line":217,"column":6},"end":{"line":219,"column":7}},"type":"if","locations":[{"start":{"line":217,"column":6},"end":{"line":219,"column":7}},{"start":{},"end":{}}],"line":217},"9":{"loc":{"start":{"line":239,"column":6},"end":{"line":244,"column":7}},"type":"if","locations":[{"start":{"line":239,"column":6},"end":{"line":244,"column":7}},{"start":{},"end":{}}],"line":239},"10":{"loc":{"start":{"line":242,"column":19},"end":{"line":242,"column":78}},"type":"cond-expr","locations":[{"start":{"line":242,"column":42},"end":{"line":242,"column":53}},{"start":{"line":242,"column":56},"end":{"line":242,"column":78}}],"line":242},"11":{"loc":{"start":{"line":247,"column":6},"end":{"line":249,"column":7}},"type":"if","locations":[{"start":{"line":247,"column":6},"end":{"line":249,"column":7}},{"start":{},"end":{}}],"line":247},"12":{"loc":{"start":{"line":287,"column":6},"end":{"line":292,"column":7}},"type":"if","locations":[{"start":{"line":287,"column":6},"end":{"line":292,"column":7}},{"start":{},"end":{}}],"line":287},"13":{"loc":{"start":{"line":290,"column":19},"end":{"line":290,"column":79}},"type":"cond-expr","locations":[{"start":{"line":290,"column":42},"end":{"line":290,"column":53}},{"start":{"line":290,"column":56},"end":{"line":290,"column":79}}],"line":290},"14":{"loc":{"start":{"line":295,"column":6},"end":{"line":297,"column":7}},"type":"if","locations":[{"start":{"line":295,"column":6},"end":{"line":297,"column":7}},{"start":{},"end":{}}],"line":295},"15":{"loc":{"start":{"line":316,"column":6},"end":{"line":321,"column":7}},"type":"if","locations":[{"start":{"line":316,"column":6},"end":{"line":321,"column":7}},{"start":{},"end":{}}],"line":316},"16":{"loc":{"start":{"line":319,"column":19},"end":{"line":319,"column":79}},"type":"cond-expr","locations":[{"start":{"line":319,"column":42},"end":{"line":319,"column":53}},{"start":{"line":319,"column":56},"end":{"line":319,"column":79}}],"line":319},"17":{"loc":{"start":{"line":324,"column":6},"end":{"line":326,"column":7}},"type":"if","locations":[{"start":{"line":324,"column":6},"end":{"line":326,"column":7}},{"start":{},"end":{}}],"line":324},"18":{"loc":{"start":{"line":344,"column":6},"end":{"line":349,"column":7}},"type":"if","locations":[{"start":{"line":344,"column":6},"end":{"line":349,"column":7}},{"start":{},"end":{}}],"line":344},"19":{"loc":{"start":{"line":347,"column":19},"end":{"line":347,"column":78}},"type":"cond-expr","locations":[{"start":{"line":347,"column":42},"end":{"line":347,"column":53}},{"start":{"line":347,"column":56},"end":{"line":347,"column":78}}],"line":347},"20":{"loc":{"start":{"line":352,"column":6},"end":{"line":354,"column":7}},"type":"if","locations":[{"start":{"line":352,"column":6},"end":{"line":354,"column":7}},{"start":{},"end":{}}],"line":352}},"s":{"0":0,"1":0,"2":0,"3":0,"4":0,"5":0,"6":0,"7":0,"8":0,"9":0,"10":0,"11":0,"12":0,"13":0,"14":0,"15":0,"16":0,"17":0,"18":0,"19":0,"20":0,"21":0,"22":0,"23":0,"24":0,"25":0,"26":0,"27":0,"28":0,"29":0,"30":0,"31":0,"32":0,"33":0,"34":0,"35":0,"36":0,"37":0,"38":0,"39":0,"40":0,"41":0,"42":0,"43":0,"44":0,"45":0,"46":0,"47":0,"48":0,"49":0,"50":0,"51":0,"52":0,"53":0,"54":0,"55":0,"56":0,"57":0,"58":0,"59":0,"60":0,"61":0,"62":0,"63":0,"64":0,"65":0,"66":0,"67":0,"68":0,"69":0,"70":0,"71":0,"72":0,"73":0,"74":0,"75":0,"76":0,"77":0,"78":0,"79":0,"80":0,"81":0,"82":0,"83":0,"84":0,"85":0,"86":0,"87":0,"88":0,"89":0,"90":0,"91":0,"92":0,"93":0,"94":0,"95":0,"96":0,"97":0,"98":0,"99":0,"100":0,"101":0,"102":0,"103":0,"104":0,"105":0,"106":0,"107":0,"108":0,"109":0},"f":{"0":0,"1":0,"2":0,"3":0,"4":0,"5":0,"6":0,"7":0,"8":0,"9":0,"10":0,"11":0,"12":0,"13":0,"14":0,"15":0,"16":0,"17":0,"18":0,"19":0,"20":0},"b":{"0":[0,0,0,0,0,0,0],"1":[0,0],"2":[0,0],"3":[0,0],"4":[0,0],"5":[0,0],"6":[0,0],"7":[0,0],"8":[0,0],"9":[0,0],"10":[0,0],"11":[0,0],"12":[0,0],"13":[0,0],"14":[0,0],"15":[0,0],"16":[0,0],"17":[0,0],"18":[0,0],"19":[0,0],"20":[0,0]}}
,"C:\\Users\\lloyd\\nurse-app\\src\\hooks\\useFileUpload.ts": {"path":"C:\\Users\\lloyd\\nurse-app\\src\\hooks\\useFileUpload.ts","statementMap":{"0":{"start":{"line":61,"column":26},"end":{"line":61,"column":65}},"1":{"start":{"line":62,"column":36},"end":{"line":62,"column":51}},"2":{"start":{"line":63,"column":28},"end":{"line":63,"column":57}},"3":{"start":{"line":68,"column":20},"end":{"line":71,"column":8}},"4":{"start":{"line":69,"column":4},"end":{"line":69,"column":18}},"5":{"start":{"line":70,"column":4},"end":{"line":70,"column":19}},"6":{"start":{"line":79,"column":23},"end":{"line":106,"column":3}},"7":{"start":{"line":82,"column":6},"end":{"line":85,"column":7}},"8":{"start":{"line":83,"column":8},"end":{"line":83,"column":37}},"9":{"start":{"line":84,"column":8},"end":{"line":84,"column":21}},"10":{"start":{"line":88,"column":6},"end":{"line":94,"column":7}},"11":{"start":{"line":89,"column":25},"end":{"line":89,"column":46}},"12":{"start":{"line":90,"column":8},"end":{"line":93,"column":9}},"13":{"start":{"line":91,"column":10},"end":{"line":91,"column":83}},"14":{"start":{"line":92,"column":10},"end":{"line":92,"column":23}},"15":{"start":{"line":97,"column":6},"end":{"line":101,"column":7}},"16":{"start":{"line":98,"column":26},"end":{"line":98,"column":54}},"17":{"start":{"line":99,"column":8},"end":{"line":99,"column":80}},"18":{"start":{"line":100,"column":8},"end":{"line":100,"column":21}},"19":{"start":{"line":103,"column":6},"end":{"line":103,"column":18}},"20":{"start":{"line":111,"column":19},"end":{"line":173,"column":47}},"21":{"start":{"line":112,"column":4},"end":{"line":172,"column":5}},"22":{"start":{"line":113,"column":6},"end":{"line":113,"column":25}},"23":{"start":{"line":114,"column":6},"end":{"line":114,"column":21}},"24":{"start":{"line":117,"column":21},"end":{"line":120,"column":8}},"25":{"start":{"line":123,"column":6},"end":{"line":126,"column":7}},"26":{"start":{"line":124,"column":8},"end":{"line":124,"column":28}},"27":{"start":{"line":125,"column":8},"end":{"line":125,"column":15}},"28":{"start":{"line":129,"column":20},"end":{"line":129,"column":36}},"29":{"start":{"line":132,"column":6},"end":{"line":135,"column":7}},"30":{"start":{"line":133,"column":8},"end":{"line":133,"column":28}},"31":{"start":{"line":134,"column":8},"end":{"line":134,"column":15}},"32":{"start":{"line":138,"column":19},"end":{"line":138,"column":55}},"33":{"start":{"line":139,"column":24},"end":{"line":139,"column":46}},"34":{"start":{"line":142,"column":43},"end":{"line":148,"column":7}},"35":{"start":{"line":151,"column":6},"end":{"line":163,"column":7}},"36":{"start":{"line":152,"column":8},"end":{"line":162,"column":9}},"37":{"start":{"line":153,"column":26},"end":{"line":153,"column":71}},"38":{"start":{"line":154,"column":10},"end":{"line":154,"column":39}},"39":{"start":{"line":156,"column":10},"end":{"line":161,"column":12}},"40":{"start":{"line":165,"column":6},"end":{"line":165,"column":26}},"41":{"start":{"line":167,"column":27},"end":{"line":167,"column":89}},"42":{"start":{"line":168,"column":6},"end":{"line":168,"column":29}},"43":{"start":{"line":169,"column":6},"end":{"line":169,"column":41}},"44":{"start":{"line":171,"column":6},"end":{"line":171,"column":26}},"45":{"start":{"line":175,"column":2},"end":{"line":181,"column":4}}},"fnMap":{"0":{"name":"useFileUpload","decl":{"start":{"line":52,"column":16},"end":{"line":52,"column":29}},"loc":{"start":{"line":60,"column":8},"end":{"line":182,"column":1}},"line":60},"1":{"name":"(anonymous_1)","decl":{"start":{"line":68,"column":32},"end":{"line":68,"column":33}},"loc":{"start":{"line":68,"column":38},"end":{"line":71,"column":3}},"line":68},"2":{"name":"(anonymous_2)","decl":{"start":{"line":80,"column":4},"end":{"line":80,"column":5}},"loc":{"start":{"line":80,"column":61},"end":{"line":104,"column":5}},"line":80},"3":{"name":"(anonymous_3)","decl":{"start":{"line":111,"column":31},"end":{"line":111,"column":32}},"loc":{"start":{"line":111,"column":43},"end":{"line":173,"column":3}},"line":111}},"branchMap":{"0":{"loc":{"start":{"line":52,"column":30},"end":{"line":60,"column":6}},"type":"default-arg","locations":[{"start":{"line":60,"column":4},"end":{"line":60,"column":6}}],"line":52},"1":{"loc":{"start":{"line":55,"column":2},"end":{"line":55,"column":21}},"type":"default-arg","locations":[{"start":{"line":55,"column":16},"end":{"line":55,"column":21}}],"line":55},"2":{"loc":{"start":{"line":82,"column":6},"end":{"line":85,"column":7}},"type":"if","locations":[{"start":{"line":82,"column":6},"end":{"line":85,"column":7}},{"start":{},"end":{}}],"line":82},"3":{"loc":{"start":{"line":88,"column":6},"end":{"line":94,"column":7}},"type":"if","locations":[{"start":{"line":88,"column":6},"end":{"line":94,"column":7}},{"start":{},"end":{}}],"line":88},"4":{"loc":{"start":{"line":88,"column":10},"end":{"line":88,"column":49}},"type":"binary-expr","locations":[{"start":{"line":88,"column":10},"end":{"line":88,"column":22}},{"start":{"line":88,"column":26},"end":{"line":88,"column":49}}],"line":88},"5":{"loc":{"start":{"line":89,"column":25},"end":{"line":89,"column":46}},"type":"binary-expr","locations":[{"start":{"line":89,"column":25},"end":{"line":89,"column":40}},{"start":{"line":89,"column":44},"end":{"line":89,"column":46}}],"line":89},"6":{"loc":{"start":{"line":90,"column":8},"end":{"line":93,"column":9}},"type":"if","locations":[{"start":{"line":90,"column":8},"end":{"line":93,"column":9}},{"start":{},"end":{}}],"line":90},"7":{"loc":{"start":{"line":97,"column":6},"end":{"line":101,"column":7}},"type":"if","locations":[{"start":{"line":97,"column":6},"end":{"line":101,"column":7}},{"start":{},"end":{}}],"line":97},"8":{"loc":{"start":{"line":97,"column":10},"end":{"line":97,"column":67}},"type":"binary-expr","locations":[{"start":{"line":97,"column":10},"end":{"line":97,"column":22}},{"start":{"line":97,"column":26},"end":{"line":97,"column":37}},{"start":{"line":97,"column":41},"end":{"line":97,"column":67}}],"line":97},"9":{"loc":{"start":{"line":123,"column":6},"end":{"line":126,"column":7}},"type":"if","locations":[{"start":{"line":123,"column":6},"end":{"line":126,"column":7}},{"start":{},"end":{}}],"line":123},"10":{"loc":{"start":{"line":132,"column":6},"end":{"line":135,"column":7}},"type":"if","locations":[{"start":{"line":132,"column":6},"end":{"line":135,"column":7}},{"start":{},"end":{}}],"line":132},"11":{"loc":{"start":{"line":138,"column":19},"end":{"line":138,"column":55}},"type":"binary-expr","locations":[{"start":{"line":138,"column":19},"end":{"line":138,"column":29}},{"start":{"line":138,"column":33},"end":{"line":138,"column":55}}],"line":138},"12":{"loc":{"start":{"line":145,"column":18},"end":{"line":145,"column":40}},"type":"binary-expr","locations":[{"start":{"line":145,"column":18},"end":{"line":145,"column":32}},{"start":{"line":145,"column":36},"end":{"line":145,"column":40}}],"line":145},"13":{"loc":{"start":{"line":146,"column":14},"end":{"line":146,"column":29}},"type":"binary-expr","locations":[{"start":{"line":146,"column":14},"end":{"line":146,"column":24}},{"start":{"line":146,"column":28},"end":{"line":146,"column":29}}],"line":146},"14":{"loc":{"start":{"line":151,"column":6},"end":{"line":163,"column":7}},"type":"if","locations":[{"start":{"line":151,"column":6},"end":{"line":163,"column":7}},{"start":{},"end":{}}],"line":151},"15":{"loc":{"start":{"line":167,"column":27},"end":{"line":167,"column":89}},"type":"cond-expr","locations":[{"start":{"line":167,"column":52},"end":{"line":167,"column":65}},{"start":{"line":167,"column":68},"end":{"line":167,"column":89}}],"line":167}},"s":{"0":0,"1":0,"2":0,"3":0,"4":0,"5":0,"6":0,"7":0,"8":0,"9":0,"10":0,"11":0,"12":0,"13":0,"14":0,"15":0,"16":0,"17":0,"18":0,"19":0,"20":0,"21":0,"22":0,"23":0,"24":0,"25":0,"26":0,"27":0,"28":0,"29":0,"30":0,"31":0,"32":0,"33":0,"34":0,"35":0,"36":0,"37":0,"38":0,"39":0,"40":0,"41":0,"42":0,"43":0,"44":0,"45":0},"f":{"0":0,"1":0,"2":0,"3":0},"b":{"0":[0],"1":[0],"2":[0,0],"3":[0,0],"4":[0,0],"5":[0,0],"6":[0,0],"7":[0,0],"8":[0,0,0],"9":[0,0],"10":[0,0],"11":[0,0],"12":[0,0],"13":[0,0],"14":[0,0],"15":[0,0]}}
,"C:\\Users\\lloyd\\nurse-app\\src\\hooks\\useForm.ts": {"path":"C:\\Users\\lloyd\\nurse-app\\src\\hooks\\useForm.ts","statementMap":{"0":{"start":{"line":25,"column":30},"end":{"line":25,"column":56}},"1":{"start":{"line":26,"column":30},"end":{"line":26,"column":76}},"2":{"start":{"line":27,"column":32},"end":{"line":27,"column":79}},"3":{"start":{"line":28,"column":42},"end":{"line":28,"column":57}},"4":{"start":{"line":36,"column":23},"end":{"line":49,"column":14}},"5":{"start":{"line":37,"column":4},"end":{"line":40,"column":8}},"6":{"start":{"line":37,"column":29},"end":{"line":40,"column":5}},"7":{"start":{"line":43,"column":4},"end":{"line":48,"column":5}},"8":{"start":{"line":44,"column":6},"end":{"line":47,"column":10}},"9":{"start":{"line":44,"column":31},"end":{"line":47,"column":7}},"10":{"start":{"line":56,"column":21},"end":{"line":70,"column":24}},"11":{"start":{"line":57,"column":4},"end":{"line":60,"column":8}},"12":{"start":{"line":57,"column":31},"end":{"line":60,"column":5}},"13":{"start":{"line":63,"column":4},"end":{"line":69,"column":5}},"14":{"start":{"line":64,"column":26},"end":{"line":64,"column":42}},"15":{"start":{"line":65,"column":6},"end":{"line":68,"column":10}},"16":{"start":{"line":65,"column":31},"end":{"line":68,"column":7}},"17":{"start":{"line":75,"column":20},"end":{"line":80,"column":21}},"18":{"start":{"line":76,"column":4},"end":{"line":76,"column":29}},"19":{"start":{"line":77,"column":4},"end":{"line":77,"column":18}},"20":{"start":{"line":78,"column":4},"end":{"line":78,"column":19}},"21":{"start":{"line":79,"column":4},"end":{"line":79,"column":27}},"22":{"start":{"line":87,"column":24},"end":{"line":92,"column":8}},"23":{"start":{"line":88,"column":4},"end":{"line":91,"column":8}},"24":{"start":{"line":88,"column":29},"end":{"line":91,"column":5}},"25":{"start":{"line":100,"column":24},"end":{"line":105,"column":8}},"26":{"start":{"line":101,"column":4},"end":{"line":104,"column":8}},"27":{"start":{"line":101,"column":29},"end":{"line":104,"column":5}},"28":{"start":{"line":113,"column":24},"end":{"line":118,"column":8}},"29":{"start":{"line":114,"column":4},"end":{"line":117,"column":8}},"30":{"start":{"line":114,"column":29},"end":{"line":117,"column":5}},"31":{"start":{"line":125,"column":23},"end":{"line":134,"column":24}},"32":{"start":{"line":126,"column":4},"end":{"line":128,"column":5}},"33":{"start":{"line":127,"column":6},"end":{"line":127,"column":18}},"34":{"start":{"line":130,"column":29},"end":{"line":130,"column":45}},"35":{"start":{"line":131,"column":4},"end":{"line":131,"column":32}},"36":{"start":{"line":133,"column":4},"end":{"line":133,"column":54}},"37":{"start":{"line":142,"column":23},"end":{"line":174,"column":3}},"38":{"start":{"line":143,"column":36},"end":{"line":172,"column":5}},"39":{"start":{"line":144,"column":6},"end":{"line":146,"column":7}},"40":{"start":{"line":145,"column":8},"end":{"line":145,"column":31}},"41":{"start":{"line":148,"column":6},"end":{"line":148,"column":28}},"42":{"start":{"line":151,"column":25},"end":{"line":157,"column":7}},"43":{"start":{"line":152,"column":23},"end":{"line":155,"column":9}},"44":{"start":{"line":158,"column":6},"end":{"line":158,"column":29}},"45":{"start":{"line":161,"column":22},"end":{"line":161,"column":36}},"46":{"start":{"line":163,"column":6},"end":{"line":169,"column":7}},"47":{"start":{"line":164,"column":8},"end":{"line":168,"column":9}},"48":{"start":{"line":165,"column":10},"end":{"line":165,"column":33}},"49":{"start":{"line":167,"column":10},"end":{"line":167,"column":57}},"50":{"start":{"line":171,"column":6},"end":{"line":171,"column":29}},"51":{"start":{"line":176,"column":2},"end":{"line":189,"column":4}}},"fnMap":{"0":{"name":"useForm","decl":{"start":{"line":21,"column":16},"end":{"line":21,"column":23}},"loc":{"start":{"line":24,"column":2},"end":{"line":190,"column":1}},"line":24},"1":{"name":"(anonymous_1)","decl":{"start":{"line":36,"column":35},"end":{"line":36,"column":36}},"loc":{"start":{"line":36,"column":66},"end":{"line":49,"column":3}},"line":36},"2":{"name":"(anonymous_2)","decl":{"start":{"line":37,"column":14},"end":{"line":37,"column":15}},"loc":{"start":{"line":37,"column":29},"end":{"line":40,"column":5}},"line":37},"3":{"name":"(anonymous_3)","decl":{"start":{"line":44,"column":16},"end":{"line":44,"column":17}},"loc":{"start":{"line":44,"column":31},"end":{"line":47,"column":7}},"line":44},"4":{"name":"(anonymous_4)","decl":{"start":{"line":56,"column":33},"end":{"line":56,"column":34}},"loc":{"start":{"line":56,"column":52},"end":{"line":70,"column":3}},"line":56},"5":{"name":"(anonymous_5)","decl":{"start":{"line":57,"column":15},"end":{"line":57,"column":16}},"loc":{"start":{"line":57,"column":31},"end":{"line":60,"column":5}},"line":57},"6":{"name":"(anonymous_6)","decl":{"start":{"line":65,"column":16},"end":{"line":65,"column":17}},"loc":{"start":{"line":65,"column":31},"end":{"line":68,"column":7}},"line":65},"7":{"name":"(anonymous_7)","decl":{"start":{"line":75,"column":32},"end":{"line":75,"column":33}},"loc":{"start":{"line":75,"column":38},"end":{"line":80,"column":3}},"line":75},"8":{"name":"(anonymous_8)","decl":{"start":{"line":87,"column":36},"end":{"line":87,"column":37}},"loc":{"start":{"line":87,"column":63},"end":{"line":92,"column":3}},"line":87},"9":{"name":"(anonymous_9)","decl":{"start":{"line":88,"column":14},"end":{"line":88,"column":15}},"loc":{"start":{"line":88,"column":29},"end":{"line":91,"column":5}},"line":88},"10":{"name":"(anonymous_10)","decl":{"start":{"line":100,"column":36},"end":{"line":100,"column":37}},"loc":{"start":{"line":100,"column":67},"end":{"line":105,"column":3}},"line":100},"11":{"name":"(anonymous_11)","decl":{"start":{"line":101,"column":14},"end":{"line":101,"column":15}},"loc":{"start":{"line":101,"column":29},"end":{"line":104,"column":5}},"line":101},"12":{"name":"(anonymous_12)","decl":{"start":{"line":113,"column":36},"end":{"line":113,"column":37}},"loc":{"start":{"line":113,"column":70},"end":{"line":118,"column":3}},"line":113},"13":{"name":"(anonymous_13)","decl":{"start":{"line":114,"column":14},"end":{"line":114,"column":15}},"loc":{"start":{"line":114,"column":29},"end":{"line":117,"column":5}},"line":114},"14":{"name":"(anonymous_14)","decl":{"start":{"line":125,"column":35},"end":{"line":125,"column":36}},"loc":{"start":{"line":125,"column":41},"end":{"line":134,"column":3}},"line":125},"15":{"name":"(anonymous_15)","decl":{"start":{"line":143,"column":4},"end":{"line":143,"column":5}},"loc":{"start":{"line":143,"column":36},"end":{"line":172,"column":5}},"line":143},"16":{"name":"(anonymous_16)","decl":{"start":{"line":143,"column":36},"end":{"line":143,"column":37}},"loc":{"start":{"line":143,"column":71},"end":{"line":172,"column":5}},"line":143},"17":{"name":"(anonymous_17)","decl":{"start":{"line":152,"column":8},"end":{"line":152,"column":9}},"loc":{"start":{"line":152,"column":23},"end":{"line":155,"column":9}},"line":152}},"branchMap":{"0":{"loc":{"start":{"line":43,"column":4},"end":{"line":48,"column":5}},"type":"if","locations":[{"start":{"line":43,"column":4},"end":{"line":48,"column":5}},{"start":{},"end":{}}],"line":43},"1":{"loc":{"start":{"line":63,"column":4},"end":{"line":69,"column":5}},"type":"if","locations":[{"start":{"line":63,"column":4},"end":{"line":69,"column":5}},{"start":{},"end":{}}],"line":63},"2":{"loc":{"start":{"line":126,"column":4},"end":{"line":128,"column":5}},"type":"if","locations":[{"start":{"line":126,"column":4},"end":{"line":128,"column":5}},{"start":{},"end":{}}],"line":126},"3":{"loc":{"start":{"line":144,"column":6},"end":{"line":146,"column":7}},"type":"if","locations":[{"start":{"line":144,"column":6},"end":{"line":146,"column":7}},{"start":{},"end":{}}],"line":144},"4":{"loc":{"start":{"line":163,"column":6},"end":{"line":169,"column":7}},"type":"if","locations":[{"start":{"line":163,"column":6},"end":{"line":169,"column":7}},{"start":{},"end":{}}],"line":163}},"s":{"0":0,"1":0,"2":0,"3":0,"4":0,"5":0,"6":0,"7":0,"8":0,"9":0,"10":0,"11":0,"12":0,"13":0,"14":0,"15":0,"16":0,"17":0,"18":0,"19":0,"20":0,"21":0,"22":0,"23":0,"24":0,"25":0,"26":0,"27":0,"28":0,"29":0,"30":0,"31":0,"32":0,"33":0,"34":0,"35":0,"36":0,"37":0,"38":0,"39":0,"40":0,"41":0,"42":0,"43":0,"44":0,"45":0,"46":0,"47":0,"48":0,"49":0,"50":0,"51":0},"f":{"0":0,"1":0,"2":0,"3":0,"4":0,"5":0,"6":0,"7":0,"8":0,"9":0,"10":0,"11":0,"12":0,"13":0,"14":0,"15":0,"16":0,"17":0},"b":{"0":[0,0],"1":[0,0],"2":[0,0],"3":[0,0],"4":[0,0]}}
,"C:\\Users\\lloyd\\nurse-app\\src\\hooks\\useKeyboard.ts": {"path":"C:\\Users\\lloyd\\nurse-app\\src\\hooks\\useKeyboard.ts","statementMap":{"0":{"start":{"line":10,"column":52},"end":{"line":10,"column":67}},"1":{"start":{"line":11,"column":46},"end":{"line":11,"column":57}},"2":{"start":{"line":12,"column":68},"end":{"line":12,"column":79}},"3":{"start":{"line":19,"column":29},"end":{"line":23,"column":8}},"4":{"start":{"line":20,"column":23},"end":{"line":20,"column":43}},"5":{"start":{"line":21,"column":4},"end":{"line":21,"column":30}},"6":{"start":{"line":22,"column":4},"end":{"line":22,"column":31}},"7":{"start":{"line":30,"column":29},"end":{"line":33,"column":8}},"8":{"start":{"line":31,"column":4},"end":{"line":31,"column":32}},"9":{"start":{"line":32,"column":4},"end":{"line":32,"column":25}},"10":{"start":{"line":38,"column":26},"end":{"line":40,"column":8}},"11":{"start":{"line":39,"column":4},"end":{"line":39,"column":23}},"12":{"start":{"line":43,"column":2},"end":{"line":59,"column":47}},"13":{"start":{"line":46,"column":6},"end":{"line":46,"column":68}},"14":{"start":{"line":48,"column":6},"end":{"line":48,"column":68}},"15":{"start":{"line":51,"column":29},"end":{"line":51,"column":80}},"16":{"start":{"line":52,"column":29},"end":{"line":52,"column":80}},"17":{"start":{"line":55,"column":4},"end":{"line":58,"column":6}},"18":{"start":{"line":56,"column":6},"end":{"line":56,"column":32}},"19":{"start":{"line":57,"column":6},"end":{"line":57,"column":32}},"20":{"start":{"line":61,"column":2},"end":{"line":66,"column":4}}},"fnMap":{"0":{"name":"useKeyboard","decl":{"start":{"line":9,"column":16},"end":{"line":9,"column":27}},"loc":{"start":{"line":9,"column":30},"end":{"line":67,"column":1}},"line":9},"1":{"name":"(anonymous_1)","decl":{"start":{"line":19,"column":41},"end":{"line":19,"column":42}},"loc":{"start":{"line":19,"column":67},"end":{"line":23,"column":3}},"line":19},"2":{"name":"(anonymous_2)","decl":{"start":{"line":30,"column":41},"end":{"line":30,"column":42}},"loc":{"start":{"line":30,"column":47},"end":{"line":33,"column":3}},"line":30},"3":{"name":"(anonymous_3)","decl":{"start":{"line":38,"column":38},"end":{"line":38,"column":39}},"loc":{"start":{"line":38,"column":44},"end":{"line":40,"column":3}},"line":38},"4":{"name":"(anonymous_4)","decl":{"start":{"line":43,"column":12},"end":{"line":43,"column":13}},"loc":{"start":{"line":43,"column":18},"end":{"line":59,"column":3}},"line":43},"5":{"name":"(anonymous_5)","decl":{"start":{"line":55,"column":11},"end":{"line":55,"column":12}},"loc":{"start":{"line":55,"column":17},"end":{"line":58,"column":5}},"line":55}},"branchMap":{"0":{"loc":{"start":{"line":46,"column":6},"end":{"line":46,"column":68}},"type":"cond-expr","locations":[{"start":{"line":46,"column":30},"end":{"line":46,"column":48}},{"start":{"line":46,"column":51},"end":{"line":46,"column":68}}],"line":46},"1":{"loc":{"start":{"line":48,"column":6},"end":{"line":48,"column":68}},"type":"cond-expr","locations":[{"start":{"line":48,"column":30},"end":{"line":48,"column":48}},{"start":{"line":48,"column":51},"end":{"line":48,"column":68}}],"line":48}},"s":{"0":0,"1":0,"2":0,"3":0,"4":0,"5":0,"6":0,"7":0,"8":0,"9":0,"10":0,"11":0,"12":0,"13":0,"14":0,"15":0,"16":0,"17":0,"18":0,"19":0,"20":0},"f":{"0":0,"1":0,"2":0,"3":0,"4":0,"5":0},"b":{"0":[0,0],"1":[0,0]}}
[...]
,"end":{"line":142,"column":29}},"29":{"start":{"line":153,"column":2},"end":{"line":155,"column":3}},"30":{"start":{"line":154,"column":4},"end":{"line":154,"column":15}},"31":{"start":{"line":157,"column":16},"end":{"line":157,"column":32}},"32":{"start":{"line":158,"column":2},"end":{"line":158,"column":45}},"33":{"start":{"line":168,"column":2},"end":{"line":170,"column":3}},"34":{"start":{"line":169,"column":4},"end":{"line":169,"column":21}},"35":{"start":{"line":172,"column":12},"end":{"line":172,"column":16}},"36":{"start":{"line":173,"column":16},"end":{"line":173,"column":49}},"37":{"start":{"line":174,"column":12},"end":{"line":174,"column":53}},"38":{"start":{"line":176,"column":2},"end":{"line":176,"column":74}}},"fnMap":{"0":{"name":"truncateString","decl":{"start":{"line":8,"column":16},"end":{"line":8,"column":30}},"loc":{"start":{"line":8,"column":71},"end":{"line":14,"column":1}},"line":8},"1":{"name":"capitalizeFirstLetter","decl":{"start":{"line":22,"column":16},"end":{"line":22,"column":37}},"loc":{"start":{"line":22,"column":59},"end":{"line":28,"column":1}},"line":22},"2":{"name":"toTitleCase","decl":{"start":{"line":36,"column":16},"end":{"line":36,"column":27}},"loc":{"start":{"line":36,"column":49},"end":{"line":45,"column":1}},"line":36},"3":{"name":"(anonymous_3)","decl":{"start":{"line":43,"column":9},"end":{"line":43,"column":10}},"loc":{"start":{"line":43,"column":17},"end":{"line":43,"column":44}},"line":43},"4":{"name":"toKebabCase","decl":{"start":{"line":53,"column":16},"end":{"line":53,"column":27}},"loc":{"start":{"line":53,"column":49},"end":{"line":62,"column":1}},"line":53},"5":{"name":"toCamelCase","decl":{"start":{"line":70,"column":16},"end":{"line":70,"column":27}},"loc":{"start":{"line":70,"column":49},"end":{"line":80,"column":1}},"line":70},"6":{"name":"(anonymous_6)","decl":{"start":{"line":76,"column":36},"end":{"line":76,"column":37}},"loc":{"start":{"line":76,"column":55},"end":{"line":78,"column":5}},"line":76},"7":{"name":"toSnakeCase","decl":{"start":{"line":88,"column":16},"end":{"line":88,"column":27}},"loc":{"start":{"line":88,"column":49},"end":{"line":97,"column":1}},"line":88},"8":{"name":"stripHtml","decl":{"start":{"line":105,"column":16},"end":{"line":105,"column":25}},"loc":{"start":{"line":105,"column":47},"end":{"line":111,"column":1}},"line":105},"9":{"name":"removeSpecialCharacters","decl":{"start":{"line":119,"column":16},"end":{"line":119,"column":39}},"loc":{"start":{"line":119,"column":61},"end":{"line":125,"column":1}},"line":119},"10":{"name":"slugify","decl":{"start":{"line":133,"column":16},"end":{"line":133,"column":23}},"loc":{"start":{"line":133,"column":45},"end":{"line":143,"column":1}},"line":133},"11":{"name":"extractFirstNWords","decl":{"start":{"line":152,"column":16},"end":{"line":152,"column":34}},"loc":{"start":{"line":152,"column":75},"end":{"line":159,"column":1}},"line":152},"12":{"name":"formatFileSize","decl":{"start":{"line":167,"column":16},"end":{"line":167,"column":30}},"loc":{"start":{"line":167,"column":54},"end":{"line":177,"column":1}},"line":167}},"branchMap":{"0":{"loc":{"start":{"line":9,"column":2},"end":{"line":11,"column":3}},"type":"if","locations":[{"start":{"line":9,"column":2},"end":{"line":11,"column":3}},{"start":{},"end":{}}],"line":9},"1":{"loc":{"start":{"line":9,"column":6},"end":{"line":9,"column":37}},"type":"binary-expr","locations":[{"start":{"line":9,"column":6},"end":{"line":9,"column":10}},{"start":{"line":9,"column":14},"end":{"line":9,"column":37}}],"line":9},"2":{"loc":{"start":{"line":23,"column":2},"end":{"line":25,"column":3}},"type":"if","locations":[{"start":{"line":23,"column":2},"end":{"line":25,"column":3}},{"start":{},"end":{}}],"line":23},"3":{"loc":{"start":{"line":23,"column":6},"end":{"line":23,"column":30}},"type":"binary-expr","locations":[{"start":{"line":23,"column":6},"end":{"line":23,"column":10}},{"start":{"line":23,"column":14},"end":{"line":23,"column":30}}],"line":23},"4":{"loc":{"start":{"line":37,"column":2},"end":{"line":39,"column":3}},"type":"if","locations":[{"start":{"line":37,"column":2},"end":{"line":39,"column":3}},{"start":{},"end":{}}],"line":37},"5":{"loc":{"start":{"line":37,"column":6},"end":{"line":37,"column":30}},"type":"binary-expr","locations":[{"start":{"line":37,"column":6},"end":{"line":37,"column":10}},{"start":{"line":37,"column":14},"end":{"line":37,"column":30}}],"line":37},"6":{"loc":{"start":{"line":54,"column":2},"end":{"line":56,"column":3}},"type":"if","locations":[{"start":{"line":54,"column":2},"end":{"line":56,"column":3}},{"start":{},"end":{}}],"line":54},"7":{"loc":{"start":{"line":54,"column":6},"end":{"line":54,"column":30}},"type":"binary-expr","locations":[{"start":{"line":54,"column":6},"end":{"line":54,"column":10}},{"start":{"line":54,"column":14},"end":{"line":54,"column":30}}],"line":54},"8":{"loc":{"start":{"line":71,"column":2},"end":{"line":73,"column":3}},"type":"if","locations":[{"start":{"line":71,"column":2},"end":{"line":73,"column":3}},{"start":{},"end":{}}],"line":71},"9":{"loc":{"start":{"line":71,"column":6},"end":{"line":71,"column":30}},"type":"binary-expr","locations":[{"start":{"line":71,"column":6},"end":{"line":71,"column":10}},{"start":{"line":71,"column":14},"end":{"line":71,"column":30}}],"line":71},"10":{"loc":{"start":{"line":77,"column":13},"end":{"line":77,"column":70}},"type":"cond-expr","locations":[{"start":{"line":77,"column":27},"end":{"line":77,"column":47}},{"start":{"line":77,"column":50},"end":{"line":77,"column":70}}],"line":77},"11":{"loc":{"start":{"line":89,"column":2},"end":{"line":91,"column":3}},"type":"if","locations":[{"start":{"line":89,"column":2},"end":{"line":91,"column":3}},{"start":{},"end":{}}],"line":89},"12":{"loc":{"start":{"line":89,"column":6},"end":{"line":89,"column":30}},"type":"binary-expr","locations":[{"start":{"line":89,"column":6},"end":{"line":89,"column":10}},{"start":{"line":89,"column":14},"end":{"line":89,"column":30}}],"line":89},"13":{"loc":{"start":{"line":106,"column":2},"end":{"line":108,"column":3}},"type":"if","locations":[{"start":{"line":106,"column":2},"end":{"line":108,"column":3}},{"start":{},"end":{}}],"line":106},"14":{"loc":{"start":{"line":106,"column":6},"end":{"line":106,"column":30}},"type":"binary-expr","locations":[{"start":{"line":106,"column":6},"end":{"line":106,"column":10}},{"start":{"line":106,"column":14},"end":{"line":106,"column":30}}],"line":106},"15":{"loc":{"start":{"line":120,"column":2},"end":{"line":122,"column":3}},"type":"if","locations":[{"start":{"line":120,"column":2},"end":{"line":122,"column":3}},{"start":{},"end":{}}],"line":120},"16":{"loc":{"start":{"line":120,"column":6},"end":{"line":120,"column":30}},"type":"binary-expr","locations":[{"start":{"line":120,"column":6},"end":{"line":120,"column":10}},{"start":{"line":120,"column":14},"end":{"line":120,"column":30}}],"line":120},"17":{"loc":{"start":{"line":134,"column":2},"end":{"line":136,"column":3}},"type":"if","locations":[{"start":{"line":134,"column":2},"end":{"line":136,"column":3}},{"start":{},"end":{}}],"line":134},"18":{"loc":{"start":{"line":134,"column":6},"end":{"line":134,"column":30}},"type":"binary-expr","locations":[{"start":{"line":134,"column":6},"end":{"line":134,"column":10}},{"start":{"line":134,"column":14},"end":{"line":134,"column":30}}],"line":134},"19":{"loc":{"start":{"line":153,"column":2},"end":{"line":155,"column":3}},"type":"if","locations":[{"start":{"line":153,"column":2},"end":{"line":155,"column":3}},{"start":{},"end":{}}],"line":153},"20":{"loc":{"start":{"line":153,"column":6},"end":{"line":153,"column":30}},"type":"binary-expr","locations":[{"start":{"line":153,"column":6},"end":{"line":153,"column":10}},{"start":{"line":153,"column":14},"end":{"line":153,"column":30}}],"line":153},"21":{"loc":{"start":{"line":168,"column":2},"end":{"line":170,"column":3}},"type":"if","locations":[{"start":{"line":168,"column":2},"end":{"line":170,"column":3}},{"start":{},"end":{}}],"line":168}},"s":{"0":0,"1":0,"2":0,"3":0,"4":0,"5":0,"6":0,"7":0,"8":0,"9":0,"10":0,"11":0,"12":0,"13":0,"14":0,"15":0,"16":0,"17":0,"18":0,"19":0,"20":0,"21":0,"22":0,"23":0,"24":0,"25":0,"26":0,"27":0,"28":0,"29":0,"30":0,"31":0,"32":0,"33":0,"34":0,"35":0,"36":0,"37":0,"38":0},"f":{"0":0,"1":0,"2":0,"3":0,"4":0,"5":0,"6":0,"7":0,"8":0,"9":0,"10":0,"11":0,"12":0},"b":{"0":[0,0],"1":[0,0],"2":[0,0],"3":[0,0],"4":[0,0],"5":[0,0],"6":[0,0],"7":[0,0],"8":[0,0],"9":[0,0],"10":[0,0],"11":[0,0],"12":[0,0],"13":[0,0],"14":[0,0],"15":[0,0],"16":[0,0],"17":[0,0],"18":[0,0],"19":[0,0],"20":[0,0],"21":[0,0]}}
,"C:\\Users\\lloyd\\nurse-app\\src\\utils\\validationUtils.ts": {"path":"C:\\Users\\lloyd\\nurse-app\\src\\utils\\validationUtils.ts","statementMap":{"0":{"start":{"line":8,"column":21},"end":{"line":8,"column":49}},"1":{"start":{"line":9,"column":2},"end":{"line":9,"column":32}},"2":{"start":{"line":19,"column":24},"end":{"line":19,"column":68}},"3":{"start":{"line":20,"column":2},"end":{"line":20,"column":38}},"4":{"start":{"line":31,"column":23},"end":{"line":31,"column":53}},"5":{"start":{"line":34,"column":21},"end":{"line":34,"column":37}},"6":{"start":{"line":35,"column":2},"end":{"line":35,"column":39}},"7":{"start":{"line":47,"column":19},"end":{"line":47,"column":43}},"8":{"start":{"line":48,"column":2},"end":{"line":48,"column":42}},"9":{"start":{"line":58,"column":27},"end":{"line":58,"column":29}},"10":{"start":{"line":60,"column":2},"end":{"line":62,"column":3}},"11":{"start":{"line":61,"column":4},"end":{"line":61,"column":63}},"12":{"start":{"line":64,"column":2},"end":{"line":66,"column":3}},"13":{"start":{"line":65,"column":4},"end":{"line":65,"column":71}},"14":{"start":{"line":68,"column":2},"end":{"line":70,"column":3}},"15":{"start":{"line":69,"column":4},"end":{"line":69,"column":71}},"16":{"start":{"line":72,"column":2},"end":{"line":74,"column":3}},"17":{"start":{"line":73,"column":4},"end":{"line":73,"column":61}},"18":{"start":{"line":76,"column":2},"end":{"line":78,"column":3}},"19":{"start":{"line":77,"column":4},"end":{"line":77,"column":72}},"20":{"start":{"line":80,"column":2},"end":{"line":83,"column":4}},"21":{"start":{"line":97,"column":27},"end":{"line":97,"column":29}},"22":{"start":{"line":99,"column":2},"end":{"line":101,"column":3}},"23":{"start":{"line":100,"column":4},"end":{"line":100,"column":43}},"24":{"start":{"line":103,"column":2},"end":{"line":105,"column":3}},"25":{"start":{"line":104,"column":4},"end":{"line":104,"column":40}},"26":{"start":{"line":107,"column":2},"end":{"line":109,"column":3}},"27":{"start":{"line":108,"column":4},"end":{"line":108,"column":48}},"28":{"start":{"line":111,"column":2},"end":{"line":113,"column":3}},"29":{"start":{"line":112,"column":4},"end":{"line":112,"column":55}},"30":{"start":{"line":115,"column":2},"end":{"line":118,"column":4}},"31":{"start":{"line":128,"column":2},"end":{"line":130,"column":3}},"32":{"start":{"line":129,"column":4},"end":{"line":129,"column":16}},"33":{"start":{"line":132,"column":2},"end":{"line":134,"column":3}},"34":{"start":{"line":133,"column":4},"end":{"line":133,"column":16}},"35":{"start":{"line":136,"column":2},"end":{"line":138,"column":3}},"36":{"start":{"line":137,"column":4},"end":{"line":137,"column":16}},"37":{"start":{"line":140,"column":2},"end":{"line":142,"column":3}},"38":{"start":{"line":141,"column":4},"end":{"line":141,"column":16}},"39":{"start":{"line":144,"column":2},"end":{"line":144,"column":15}},"40":{"start":{"line":154,"column":2},"end":{"line":156,"column":3}},"41":{"start":{"line":155,"column":4},"end":{"line":155,"column":16}},"42":{"start":{"line":158,"column":2},"end":{"line":160,"column":3}},"43":{"start":{"line":159,"column":4},"end":{"line":159,"column":33}},"44":{"start":{"line":162,"column":2},"end":{"line":162,"column":15}},"45":{"start":{"line":172,"column":2},"end":{"line":174,"column":3}},"46":{"start":{"line":173,"column":4},"end":{"line":173,"column":35}},"47":{"start":{"line":176,"column":2},"end":{"line":179,"column":3}},"48":{"start":{"line":177,"column":17},"end":{"line":177,"column":32}},"49":{"start":{"line":178,"column":4},"end":{"line":178,"column":34}},"50":{"start":{"line":181,"column":2},"end":{"line":181,"column":15}}},"fnMap":{"0":{"name":"isValidEmail","decl":{"start":{"line":7,"column":16},"end":{"line":7,"column":28}},"loc":{"start":{"line":7,"column":53},"end":{"line":10,"column":1}},"line":7},"1":{"name":"isValidUKPostcode","decl":{"start":{"line":18,"column":16},"end":{"line":18,"column":33}},"loc":{"start":{"line":18,"column":61},"end":{"line":21,"column":1}},"line":18},"2":{"name":"isValidUKPhoneNumber","decl":{"start":{"line":29,"column":16},"end":{"line":29,"column":36}},"loc":{"start":{"line":29,"column":61},"end":{"line":36,"column":1}},"line":29},"3":{"name":"isValidNMCPin","decl":{"start":{"line":44,"column":16},"end":{"line":44,"column":29}},"loc":{"start":{"line":44,"column":52},"end":{"line":49,"column":1}},"line":44},"4":{"name":"validatePassword","decl":{"start":{"line":57,"column":16},"end":{"line":57,"column":32}},"loc":{"start":{"line":57,"column":91},"end":{"line":84,"column":1}},"line":57},"5":{"name":"validateCpdLog","decl":{"start":{"line":92,"column":16},"end":{"line":92,"column":30}},"loc":{"start":{"line":96,"column":43},"end":{"line":119,"column":1}},"line":96},"6":{"name":"isEmpty","decl":{"start":{"line":127,"column":16},"end":{"line":127,"column":23}},"loc":{"start":{"line":127,"column":45},"end":{"line":145,"column":1}},"line":127},"7":{"name":"isNumber","decl":{"start":{"line":153,"column":16},"end":{"line":153,"column":24}},"loc":{"start":{"line":153,"column":46},"end":{"line":163,"column":1}},"line":153},"8":{"name":"isValidDate","decl":{"start":{"line":171,"column":16},"end":{"line":171,"column":27}},"loc":{"start":{"line":171,"column":49},"end":{"line":182,"column":1}},"line":171}},"branchMap":{"0":{"loc":{"start":{"line":60,"column":2},"end":{"line":62,"column":3}},"type":"if","locations":[{"start":{"line":60,"column":2},"end":{"line":62,"column":3}},{"start":{},"end":{}}],"line":60},"1":{"loc":{"start":{"line":64,"column":2},"end":{"line":66,"column":3}},"type":"if","locations":[{"start":{"line":64,"column":2},"end":{"line":66,"column":3}},{"start":{},"end":{}}],"line":64},"2":{"loc":{"start":{"line":68,"column":2},"end":{"line":70,"column":3}},"type":"if","locations":[{"start":{"line":68,"column":2},"end":{"line":70,"column":3}},{"start":{},"end":{}}],"line":68},"3":{"loc":{"start":{"line":72,"column":2},"end":{"line":74,"column":3}},"type":"if","locations":[{"start":{"line":72,"column":2},"end":{"line":74,"column":3}},{"start":{},"end":{}}],"line":72},"4":{"loc":{"start":{"line":76,"column":2},"end":{"line":78,"column":3}},"type":"if","locations":[{"start":{"line":76,"column":2},"end":{"line":78,"column":3}},{"start":{},"end":{}}],"line":76},"5":{"loc":{"start":{"line":99,"column":2},"end":{"line":101,"column":3}},"type":"if","locations":[{"start":{"line":99,"column":2},"end":{"line":101,"column":3}},{"start":{},"end":{}}],"line":99},"6":{"loc":{"start":{"line":99,"column":6},"end":{"line":99,"column":47}},"type":"binary-expr","locations":[{"start":{"line":99,"column":6},"end":{"line":99,"column":15}},{"start":{"line":99,"column":19},"end":{"line":99,"column":47}}],"line":99},"7":{"loc":{"start":{"line":103,"column":2},"end":{"line":105,"column":3}},"type":"if","locations":[{"start":{"line":103,"column":2},"end":{"line":105,"column":3}},{"start":{},"end":{}}],"line":103},"8":{"loc":{"start":{"line":103,"column":6},"end":{"line":103,"column":55}},"type":"binary-expr","locations":[{"start":{"line":103,"column":6},"end":{"line":103,"column":19}},{"start":{"line":103,"column":23},"end":{"line":103,"column":55}}],"line":103},"9":{"loc":{"start":{"line":107,"column":2},"end":{"line":109,"column":3}},"type":"if","locations":[{"start":{"line":107,"column":2},"end":{"line":109,"column":3}},{"start":{},"end":{}}],"line":107},"10":{"loc":{"start":{"line":111,"column":2},"end":{"line":113,"column":3}},"type":"if","locations":[{"start":{"line":111,"column":2},"end":{"line":113,"column":3}},{"start":{},"end":{}}],"line":111},"11":{"loc":{"start":{"line":128,"column":2},"end":{"line":130,"column":3}},"type":"if","locations":[{"start":{"line":128,"column":2},"end":{"line":130,"column":3}},{"start":{},"end":{}}],"line":128},"12":{"loc":{"start":{"line":128,"column":6},"end":{"line":128,"column":43}},"type":"binary-expr","locations":[{"start":{"line":128,"column":6},"end":{"line":128,"column":20}},{"start":{"line":128,"column":24},"end":{"line":128,"column":43}}],"line":128},"13":{"loc":{"start":{"line":132,"column":2},"end":{"line":134,"column":3}},"type":"if","locations":[{"start":{"line":132,"column":2},"end":{"line":134,"column":3}},{"start":{},"end":{}}],"line":132},"14":{"loc":{"start":{"line":132,"column":6},"end":{"line":132,"column":60}},"type":"binary-expr","locations":[{"start":{"line":132,"column":6},"end":{"line":132,"column":31}},{"start":{"line":132,"column":35},"end":{"line":132,"column":60}}],"line":132},"15":{"loc":{"start":{"line":136,"column":2},"end":{"line":138,"column":3}},"type":"if","locations":[{"start":{"line":136,"column":2},"end":{"line":138,"column":3}},{"start":{},"end":{}}],"line":136},"16":{"loc":{"start":{"line":136,"column":6},"end":{"line":136,"column":48}},"type":"binary-expr","locations":[{"start":{"line":136,"column":6},"end":{"line":136,"column":26}},{"start":{"line":136,"column":30},"end":{"line":136,"column":48}}],"line":136},"17":{"loc":{"start":{"line":140,"column":2},"end":{"line":142,"column":3}},"type":"if","locations":[{"start":{"line":140,"column":2},"end":{"line":142,"column":3}},{"start":{},"end":{}}],"line":140},"18":{"loc":{"start":{"line":140,"column":6},"end":{"line":140,"column":66}},"type":"binary-expr","locations":[{"start":{"line":140,"column":6},"end":{"line":140,"column":31}},{"start":{"line":140,"column":35},"end":{"line":140,"column":66}}],"line":140},"19":{"loc":{"start":{"line":154,"column":2},"end":{"line":156,"column":3}},"type":"if","locations":[{"start":{"line":154,"column":2},"end":{"line":156,"column":3}},{"start":{},"end":{}}],"line":154},"20":{"loc":{"start":{"line":154,"column":6},"end":{"line":154,"column":48}},"type":"binary-expr","locations":[{"start":{"line":154,"column":6},"end":{"line":154,"column":31}},{"start":{"line":154,"column":35},"end":{"line":154,"column":48}}],"line":154},"21":{"loc":{"start":{"line":158,"column":2},"end":{"line":160,"column":3}},"type":"if","locations":[{"start":{"line":158,"column":2},"end":{"line":160,"column":3}},{"start":{},"end":{}}],"line":158},"22":{"loc":{"start":{"line":172,"column":2},"end":{"line":174,"column":3}},"type":"if","locations":[{"start":{"line":172,"column":2},"end":{"line":174,"column":3}},{"start":{},"end":{}}],"line":172},"23":{"loc":{"start":{"line":176,"column":2},"end":{"line":179,"column":3}},"type":"if","locations":[{"start":{"line":176,"column":2},"end":{"line":179,"column":3}},{"start":{},"end":{}}],"line":176},"24":{"loc":{"start":{"line":176,"column":6},"end":{"line":176,"column":60}},"type":"binary-expr","locations":[{"start":{"line":176,"column":6},"end":{"line":176,"column":31}},{"start":{"line":176,"column":35},"end":{"line":176,"column":60}}],"line":176}},"s":{"0":0,"1":0,"2":0,"3":0,"4":0,"5":0,"6":0,"7":0,"8":0,"9":0,"10":0,"11":0,"12":0,"13":0,"14":0,"15":0,"16":0,"17":0,"18":0,"19":0,"20":0,"21":0,"22":0,"23":0,"24":0,"25":0,"26":0,"27":0,"28":0,"29":0,"30":0,"31":0,"32":0,"33":0,"34":0,"35":0,"36":0,"37":0,"38":0,"39":0,"40":0,"41":0,"42":0,"43":0,"44":0,"45":0,"46":0,"47":0,"48":0,"49":0,"50":0},"f":{"0":0,"1":0,"2":0,"3":0,"4":0,"5":0,"6":0,"7":0,"8":0},"b":{"0":[0,0],"1":[0,0],"2":[0,0],"3":[0,0],"4":[0,0],"5":[0,0],"6":[0,0],"7":[0,0],"8":[0,0],"9":[0,0],"10":[0,0],"11":[0,0],"12":[0,0],"13":[0,0],"14":[0,0],"15":[0,0],"16":[0,0],"17":[0,0],"18":[0,0],"19":[0,0],"20":[0,0],"21":[0,0],"22":[0,0],"23":[0,0],"24":[0,0]}}
}
