TN:
SF:src\components\CategorySelector.tsx
FN:28,(anonymous_0)
FN:41,(anonymous_1)
FN:47,(anonymous_2)
FN:65,(anonymous_3)
FNF:4
FNH:0
FNDA:0,(anonymous_0)
FNDA:0,(anonymous_1)
FNDA:0,(anonymous_2)
FNDA:0,(anonymous_3)
DA:28,0
DA:41,0
DA:42,0
DA:47,0
DA:59,0
DA:65,0
DA:78,0
DA:114,0
LF:8
LH:0
BRDA:45,0,0,0
BRDA:45,0,1,0
BRDA:52,1,0,0
BRDA:52,1,1,0
BRF:4
BRH:0
end_of_record
TN:
SF:src\components\CpdLogCard.tsx
FN:33,(anonymous_0)
FN:44,(anonymous_1)
FN:56,(anonymous_2)
FN:98,(anonymous_3)
FNF:4
FNH:0
FNDA:0,(anonymous_0)
FNDA:0,(anonymous_1)
FNDA:0,(anonymous_2)
FNDA:0,(anonymous_3)
DA:33,0
DA:44,0
DA:45,0
DA:46,0
DA:56,0
DA:57,0
DA:64,0
DA:99,0
DA:117,0
DA:188,0
LF:10
LH:0
BRDA:37,0,0,0
BRDA:45,1,0,0
BRDA:45,1,1,0
BRDA:68,2,0,0
BRDA:68,2,1,0
BRDA:77,3,0,0
BRDA:77,3,1,0
BRDA:80,4,0,0
BRDA:80,4,1,0
BRDA:80,4,2,0
BRDA:96,5,0,0
BRDA:96,5,1,0
BRDA:96,5,2,0
BRDA:103,6,0,0
BRDA:103,6,1,0
BRDA:111,7,0,0
BRDA:111,7,1,0
BRF:17
BRH:0
end_of_record
TN:
SF:src\components\ErrorBoundary.tsx
FN:25,(anonymous_0)
FN:30,(anonymous_1)
FN:35,(anonymous_2)
FN:46,(anonymous_3)
FN:51,(anonymous_4)
FN:64,(anonymous_5)
FNF:6
FNH:0
FNDA:0,(anonymous_0)
FNDA:0,(anonymous_1)
FNDA:0,(anonymous_2)
FNDA:0,(anonymous_3)
FNDA:0,(anonymous_4)
FNDA:0,(anonymous_5)
DA:26,0
DA:27,0
DA:32,0
DA:37,0
DA:40,0
DA:43,0
DA:46,0
DA:48,0
DA:51,0
DA:53,0
DA:55,0
DA:56,0
DA:65,0
DA:67,0
DA:68,0
DA:72,0
DA:104,0
DA:108,0
LF:18
LH:0
BRDA:55,0,0,0
BRDA:55,0,1,0
BRDA:55,1,0,0
BRDA:55,1,1,0
BRDA:65,2,0,0
BRDA:65,2,1,0
BRDA:67,3,0,0
BRDA:67,3,1,0
BRDA:89,4,0,0
BRDA:89,4,1,0
BRDA:89,4,2,0
BRDA:93,5,0,0
BRDA:93,5,1,0
BRF:13
BRH:0
end_of_record
TN:
SF:src\components\layouts\ScreenLayout.tsx
FN:24,(anonymous_0)
FNF:1
FNH:0
FNDA:0,(anonymous_0)
DA:24,0
DA:33,0
DA:34,0
DA:50,0
DA:82,0
LF:5
LH:0
BRDA:28,0,0,0
BRDA:29,1,0,0
BRDA:31,2,0,0
BRDA:33,3,0,0
BRDA:33,3,1,0
BRDA:64,4,0,0
BRDA:64,4,1,0
BRDA:64,5,0,0
BRDA:64,5,1,0
BRDA:75,6,0,0
BRDA:75,6,1,0
BRF:11
BRH:0
end_of_record
TN:
SF:src\components\ui\Button.tsx
FN:14,Button
FN:84,OutlineButton
FN:99,IconButton
FNF:3
FNH:0
FNDA:0,Button
FNDA:0,OutlineButton
FNDA:0,IconButton
DA:25,0
DA:33,0
DA:40,0
DA:46,0
DA:85,0
DA:108,0
DA:145,0
LF:7
LH:0
BRDA:18,0,0,0
BRDA:19,1,0,0
BRDA:20,2,0,0
BRDA:27,3,0,0
BRDA:27,3,1,0
BRDA:28,4,0,0
BRDA:28,4,1,0
BRDA:28,4,2,0
BRDA:35,5,0,0
BRDA:35,5,1,0
BRDA:36,6,0,0
BRDA:36,6,1,0
BRDA:36,6,2,0
BRDA:40,7,0,0
BRDA:40,7,1,0
BRDA:42,8,0,0
BRDA:42,8,1,0
BRDA:42,9,0,0
BRDA:42,9,1,0
BRDA:50,10,0,0
BRDA:50,10,1,0
BRDA:52,11,0,0
BRDA:52,11,1,0
BRDA:55,12,0,0
BRDA:55,12,1,0
BRDA:59,13,0,0
BRDA:59,13,1,0
BRDA:63,14,0,0
BRDA:63,14,1,0
BRDA:102,15,0,0
BRDA:103,16,0,0
BRDA:104,17,0,0
BRDA:112,18,0,0
BRDA:112,18,1,0
BRDA:113,19,0,0
BRDA:113,19,1,0
BRDA:113,19,2,0
BRDA:117,20,0,0
BRDA:117,20,1,0
BRDA:122,21,0,0
BRDA:122,21,1,0
BRDA:126,22,0,0
BRDA:126,22,1,0
BRDA:133,23,0,0
BRDA:133,23,1,0
BRDA:135,24,0,0
BRDA:135,24,1,0
BRF:47
BRH:0
end_of_record
TN:
SF:src\components\ui\EmptyState.tsx
FN:15,(anonymous_0)
FN:44,(anonymous_1)
FN:56,(anonymous_2)
FNF:3
FNH:0
FNDA:0,(anonymous_0)
FNDA:0,(anonymous_1)
FNDA:0,(anonymous_2)
DA:15,0
DA:22,0
DA:42,0
DA:44,0
DA:45,0
DA:54,0
DA:56,0
DA:57,0
DA:64,0
DA:66,0
LF:10
LH:0
BRDA:30,0,0,0
BRDA:30,0,1,0
BRDA:30,0,2,0
BRF:3
BRH:0
end_of_record
TN:
SF:src\components\ui\Section.tsx
FN:11,(anonymous_0)
FNF:1
FNH:0
FNDA:0,(anonymous_0)
DA:11,0
DA:12,0
DA:18,0
DA:20,0
LF:4
LH:0
BRF:0
BRH:0
end_of_record
TN:
SF:src\components\ui\SettingsItem.tsx
FN:15,(anonymous_0)
FNF:1
FNH:0
FNDA:0,(anonymous_0)
DA:15,0
DA:22,0
DA:64,0
DA:66,0
LF:4
LH:0
BRDA:20,0,0,0
BRDA:25,1,0,0
BRDA:25,1,1,0
BRDA:33,2,0,0
BRDA:33,2,1,0
BRDA:38,3,0,0
BRDA:38,3,1,0
BRDA:44,4,0,0
BRDA:44,4,1,0
BRDA:50,5,0,0
BRDA:50,5,1,0
BRDA:59,6,0,0
BRDA:59,6,1,0
BRF:13
BRH:0
end_of_record
TN:
SF:src\constants\index.ts
FNF:0
FNH:0
DA:3,0
DA:18,0
DA:27,0
DA:34,0
DA:41,0
LF:5
LH:0
BRF:0
BRH:0
end_of_record
TN:
SF:src\constants\strings.ts
FNF:0
FNH:0
DA:6,0
LF:1
LH:0
BRF:0
BRH:0
end_of_record
TN:
SF:src\constants\ui.ts
FNF:0
FNH:0
DA:5,0
LF:1
LH:0
BRF:0
BRH:0
end_of_record
TN:
SF:src\constants\voice.ts
FN:62,getRandomVoiceSample
FNF:1
FNH:0
FNDA:0,getRandomVoiceSample
DA:9,0
DA:21,0
DA:63,0
DA:69,0
LF:4
LH:0
BRF:0
BRH:0
end_of_record
TN:
SF:src\hooks\useAppState.ts
FN:9,useAppState
FN:21,(anonymous_1)
FN:48,(anonymous_2)
FN:56,(anonymous_3)
FN:62,(anonymous_4)
FN:65,(anonymous_5)
FNF:6
FNH:0
FNDA:0,useAppState
FNDA:0,(anonymous_1)
FNDA:0,(anonymous_2)
FNDA:0,(anonymous_3)
FNDA:0,(anonymous_4)
FNDA:0,(anonymous_5)
DA:10,0
DA:11,0
DA:12,0
DA:13,0
DA:14,0
DA:21,0
DA:24,0
DA:28,0
DA:31,0
DA:32,0
DA:33,0
DA:34,0
DA:35,0
DA:38,0
DA:39,0
DA:40,0
DA:41,0
DA:48,0
DA:56,0
DA:62,0
DA:63,0
DA:65,0
DA:66,0
DA:70,0
LF:24
LH:0
BRDA:24,0,0,0
BRDA:24,0,1,0
BRDA:28,1,0,0
BRDA:28,1,1,0
BRDA:38,2,0,0
BRDA:38,2,1,0
BRDA:40,3,0,0
BRDA:40,3,1,0
BRF:8
BRH:0
end_of_record
TN:
SF:src\hooks\useCpd.ts
FN:21,(anonymous_0)
FN:30,(anonymous_1)
FN:31,(anonymous_2)
FN:44,(anonymous_3)
FN:50,(anonymous_4)
FN:53,(anonymous_5)
FN:74,(anonymous_6)
FN:84,(anonymous_7)
FN:118,(anonymous_8)
FN:139,(anonymous_9)
FN:158,(anonymous_10)
FN:168,(anonymous_11)
FN:179,(anonymous_12)
FN:199,(anonymous_13)
FN:218,(anonymous_14)
FN:237,(anonymous_15)
FN:244,(anonymous_16)
FNF:17
FNH:0
FNDA:0,(anonymous_0)
FNDA:0,(anonymous_1)
FNDA:0,(anonymous_2)
FNDA:0,(anonymous_3)
FNDA:0,(anonymous_4)
FNDA:0,(anonymous_5)
FNDA:0,(anonymous_6)
FNDA:0,(anonymous_7)
FNDA:0,(anonymous_8)
FNDA:0,(anonymous_9)
FNDA:0,(anonymous_10)
FNDA:0,(anonymous_11)
FNDA:0,(anonymous_12)
FNDA:0,(anonymous_13)
FNDA:0,(anonymous_14)
FNDA:0,(anonymous_15)
FNDA:0,(anonymous_16)
DA:21,0
DA:22,0
DA:23,0
DA:24,0
DA:30,0
DA:31,0
DA:32,0
DA:33,0
DA:34,0
DA:37,0
DA:44,0
DA:50,0
DA:53,0
DA:57,0
DA:60,0
DA:74,0
DA:84,0
DA:85,0
DA:87,0
DA:91,0
DA:92,0
DA:97,0
DA:101,0
DA:105,0
DA:118,0
DA:119,0
DA:120,0
DA:121,0
DA:122,0
DA:124,0
DA:125,0
DA:127,0
DA:139,0
DA:140,0
DA:141,0
DA:142,0
DA:143,0
DA:145,0
DA:146,0
DA:148,0
DA:158,0
DA:159,0
DA:168,0
DA:169,0
DA:179,0
DA:180,0
DA:181,0
DA:182,0
DA:184,0
DA:185,0
DA:187,0
DA:199,0
DA:200,0
DA:201,0
DA:202,0
DA:204,0
DA:205,0
DA:207,0
DA:218,0
DA:219,0
DA:220,0
DA:221,0
DA:223,0
DA:224,0
DA:226,0
DA:237,0
DA:238,0
DA:244,0
DA:245,0
DA:248,0
LF:70
LH:0
BRDA:57,0,0,0
BRDA:57,0,1,0
BRDA:97,1,0,0
BRDA:97,1,1,0
BRDA:124,2,0,0
BRDA:124,2,1,0
BRDA:145,3,0,0
BRDA:145,3,1,0
BRDA:184,4,0,0
BRDA:184,4,1,0
BRDA:204,5,0,0
BRDA:204,5,1,0
BRDA:223,6,0,0
BRDA:223,6,1,0
BRF:14
BRH:0
end_of_record
TN:
SF:src\hooks\useCpdV2.ts
FN:40,cpdReducer
FN:91,(anonymous_1)
FN:98,(anonymous_2)
FN:102,(anonymous_3)
FN:113,(anonymous_4)
FN:114,(anonymous_5)
FN:129,(anonymous_6)
FN:135,(anonymous_7)
FN:136,(anonymous_8)
FN:146,(anonymous_9)
FN:155,(anonymous_10)
FN:166,(anonymous_11)
FN:200,(anonymous_12)
FN:230,(anonymous_13)
FN:259,(anonymous_14)
FN:269,(anonymous_15)
FN:279,(anonymous_16)
FN:308,(anonymous_17)
FN:336,(anonymous_18)
FN:365,(anonymous_19)
FN:372,(anonymous_20)
FNF:21
FNH:0
FNDA:0,cpdReducer
FNDA:0,(anonymous_1)
FNDA:0,(anonymous_2)
FNDA:0,(anonymous_3)
FNDA:0,(anonymous_4)
FNDA:0,(anonymous_5)
FNDA:0,(anonymous_6)
FNDA:0,(anonymous_7)
FNDA:0,(anonymous_8)
FNDA:0,(anonymous_9)
FNDA:0,(anonymous_10)
FNDA:0,(anonymous_11)
FNDA:0,(anonymous_12)
FNDA:0,(anonymous_13)
FNDA:0,(anonymous_14)
FNDA:0,(anonymous_15)
FNDA:0,(anonymous_16)
FNDA:0,(anonymous_17)
FNDA:0,(anonymous_18)
FNDA:0,(anonymous_19)
FNDA:0,(anonymous_20)
DA:29,0
DA:41,0
DA:43,0
DA:46,0
DA:49,0
DA:52,0
DA:55,0
DA:56,0
DA:57,0
DA:61,0
DA:62,0
DA:64,0
DA:72,0
DA:91,0
DA:92,0
DA:93,0
DA:96,0
DA:98,0
DA:100,0
DA:102,0
DA:104,0
DA:113,0
DA:114,0
DA:115,0
DA:116,0
DA:117,0
DA:118,0
DA:122,0
DA:129,0
DA:135,0
DA:136,0
DA:137,0
DA:138,0
DA:146,0
DA:155,0
DA:156,0
DA:166,0
DA:167,0
DA:169,0
DA:171,0
DA:173,0
DA:174,0
DA:177,0
DA:178,0
DA:183,0
DA:186,0
DA:187,0
DA:200,0
DA:201,0
DA:203,0
DA:204,0
DA:206,0
DA:207,0
DA:209,0
DA:210,0
DA:215,0
DA:217,0
DA:218,0
DA:230,0
DA:231,0
DA:233,0
DA:234,0
DA:236,0
DA:237,0
DA:239,0
DA:240,0
DA:245,0
DA:247,0
DA:248,0
DA:259,0
DA:260,0
DA:269,0
DA:270,0
DA:279,0
DA:280,0
DA:282,0
DA:283,0
DA:285,0
DA:287,0
DA:288,0
DA:293,0
DA:295,0
DA:296,0
DA:308,0
DA:309,0
DA:311,0
DA:312,0
DA:314,0
DA:316,0
DA:317,0
DA:322,0
DA:324,0
DA:325,0
DA:336,0
DA:337,0
DA:339,0
DA:340,0
DA:342,0
DA:344,0
DA:345,0
DA:350,0
DA:352,0
DA:353,0
DA:365,0
DA:366,0
DA:372,0
DA:373,0
DA:376,0
LF:108
LH:0
BRDA:41,0,0,0
BRDA:41,0,1,0
BRDA:41,0,2,0
BRDA:41,0,3,0
BRDA:41,0,4,0
BRDA:41,0,5,0
BRDA:41,0,6,0
BRDA:115,1,0,0
BRDA:115,1,1,0
BRDA:137,2,0,0
BRDA:137,2,1,0
BRDA:177,3,0,0
BRDA:177,3,1,0
BRDA:180,4,0,0
BRDA:180,4,1,0
BRDA:186,5,0,0
BRDA:186,5,1,0
BRDA:209,6,0,0
BRDA:209,6,1,0
BRDA:212,7,0,0
BRDA:212,7,1,0
BRDA:217,8,0,0
BRDA:217,8,1,0
BRDA:239,9,0,0
BRDA:239,9,1,0
BRDA:242,10,0,0
BRDA:242,10,1,0
BRDA:247,11,0,0
BRDA:247,11,1,0
BRDA:287,12,0,0
BRDA:287,12,1,0
BRDA:290,13,0,0
BRDA:290,13,1,0
BRDA:295,14,0,0
BRDA:295,14,1,0
BRDA:316,15,0,0
BRDA:316,15,1,0
BRDA:319,16,0,0
BRDA:319,16,1,0
BRDA:324,17,0,0
BRDA:324,17,1,0
BRDA:344,18,0,0
BRDA:344,18,1,0
BRDA:347,19,0,0
BRDA:347,19,1,0
BRDA:352,20,0,0
BRDA:352,20,1,0
BRF:47
BRH:0
end_of_record
TN:
SF:src\hooks\useFileUpload.ts
FN:52,useFileUpload
FN:68,(anonymous_1)
FN:80,(anonymous_2)
FN:111,(anonymous_3)
FNF:4
FNH:0
FNDA:0,useFileUpload
FNDA:0,(anonymous_1)
FNDA:0,(anonymous_2)
FNDA:0,(anonymous_3)
DA:61,0
DA:62,0
DA:63,0
DA:68,0
DA:69,0
DA:70,0
DA:79,0
DA:82,0
DA:83,0
DA:84,0
DA:88,0
DA:89,0
DA:90,0
DA:91,0
DA:92,0
DA:97,0
DA:98,0
DA:99,0
DA:100,0
DA:103,0
DA:111,0
DA:112,0
DA:113,0
DA:114,0
DA:117,0
DA:123,0
DA:124,0
DA:125,0
DA:129,0
DA:132,0
DA:133,0
DA:134,0
DA:138,0
DA:139,0
DA:142,0
DA:151,0
DA:152,0
DA:153,0
DA:154,0
DA:156,0
DA:165,0
DA:167,0
DA:168,0
DA:169,0
DA:171,0
DA:175,0
LF:46
LH:0
BRDA:52,0,0,0
BRDA:55,1,0,0
BRDA:82,2,0,0
BRDA:82,2,1,0
BRDA:88,3,0,0
BRDA:88,3,1,0
BRDA:88,4,0,0
BRDA:88,4,1,0
BRDA:89,5,0,0
BRDA:89,5,1,0
BRDA:90,6,0,0
BRDA:90,6,1,0
BRDA:97,7,0,0
BRDA:97,7,1,0
BRDA:97,8,0,0
BRDA:97,8,1,0
BRDA:97,8,2,0
BRDA:123,9,0,0
BRDA:123,9,1,0
BRDA:132,10,0,0
BRDA:132,10,1,0
BRDA:138,11,0,0
BRDA:138,11,1,0
BRDA:145,12,0,0
BRDA:145,12,1,0
BRDA:146,13,0,0
BRDA:146,13,1,0
BRDA:151,14,0,0
BRDA:151,14,1,0
BRDA:167,15,0,0
BRDA:167,15,1,0
BRF:31
BRH:0
end_of_record
TN:
SF:src\hooks\useForm.ts
FN:21,useForm
FN:36,(anonymous_1)
FN:37,(anonymous_2)
FN:44,(anonymous_3)
FN:56,(anonymous_4)
FN:57,(anonymous_5)
FN:65,(anonymous_6)
FN:75,(anonymous_7)
FN:87,(anonymous_8)
FN:88,(anonymous_9)
FN:100,(anonymous_10)
FN:101,(anonymous_11)
FN:113,(anonymous_12)
FN:114,(anonymous_13)
FN:125,(anonymous_14)
FN:143,(anonymous_15)
FN:143,(anonymous_16)
FN:152,(anonymous_17)
FNF:18
FNH:0
FNDA:0,useForm
FNDA:0,(anonymous_1)
FNDA:0,(anonymous_2)
FNDA:0,(anonymous_3)
FNDA:0,(anonymous_4)
FNDA:0,(anonymous_5)
FNDA:0,(anonymous_6)
FNDA:0,(anonymous_7)
FNDA:0,(anonymous_8)
FNDA:0,(anonymous_9)
FNDA:0,(anonymous_10)
FNDA:0,(anonymous_11)
FNDA:0,(anonymous_12)
FNDA:0,(anonymous_13)
FNDA:0,(anonymous_14)
FNDA:0,(anonymous_15)
FNDA:0,(anonymous_16)
FNDA:0,(anonymous_17)
DA:25,0
DA:26,0
DA:27,0
DA:28,0
DA:36,0
DA:37,0
DA:43,0
DA:44,0
DA:56,0
DA:57,0
DA:63,0
DA:64,0
DA:65,0
DA:75,0
DA:76,0
DA:77,0
DA:78,0
DA:79,0
DA:87,0
DA:88,0
DA:100,0
DA:101,0
DA:113,0
DA:114,0
DA:125,0
DA:126,0
DA:127,0
DA:130,0
DA:131,0
DA:133,0
DA:142,0
DA:143,0
DA:144,0
DA:145,0
DA:148,0
DA:151,0
DA:152,0
DA:158,0
DA:161,0
DA:163,0
DA:164,0
DA:165,0
DA:167,0
DA:171,0
DA:176,0
LF:45
LH:0
BRDA:43,0,0,0
BRDA:43,0,1,0
BRDA:63,1,0,0
BRDA:63,1,1,0
BRDA:126,2,0,0
BRDA:126,2,1,0
BRDA:144,3,0,0
BRDA:144,3,1,0
BRDA:163,4,0,0
BRDA:163,4,1,0
BRF:10
BRH:0
end_of_record
TN:
SF:src\hooks\useKeyboard.ts
FN:9,useKeyboard
FN:19,(anonymous_1)
FN:30,(anonymous_2)
FN:38,(anonymous_3)
FN:43,(anonymous_4)
FN:55,(anonymous_5)
FNF:6
FNH:0
FNDA:0,useKeyboard
FNDA:0,(anonymous_1)
FNDA:0,(anonymous_2)
FNDA:0,(anonymous_3)
FNDA:0,(anonymous_4)
FNDA:0,(anonymous_5)
DA:10,0
DA:11,0
DA:12,0
DA:19,0
DA:20,0
DA:21,0
DA:22,0
DA:30,0
DA:31,0
DA:32,0
DA:38,0
DA:39,0
DA:43,0
DA:46,0
DA:48,0
DA:51,0
DA:52,0
DA:55,0
DA:56,0
DA:57,0
DA:61,0
LF:21
LH:0
BRDA:46,0,0,0
BRDA:46,0,1,0
BRDA:48,1,0,0
BRDA:48,1,1,0
BRF:4
BRH:0
end_of_record
TN:
SF:src\hooks\useNetworkStatus.ts
FN:9,useNetworkStatus
FN:20,(anonymous_1)
FN:30,(anonymous_2)
FN:37,(anonymous_3)
FN:45,(anonymous_4)
FNF:5
FNH:0
FNDA:0,useNetworkStatus
FNDA:0,(anonymous_1)
FNDA:0,(anonymous_2)
FNDA:0,(anonymous_3)
FNDA:0,(anonymous_4)
DA:10,0
DA:11,0
DA:12,0
DA:13,0
DA:20,0
DA:21,0
DA:22,0
DA:23,0
DA:24,0
DA:30,0
DA:31,0
DA:32,0
DA:33,0
DA:37,0
DA:39,0
DA:42,0
DA:45,0
DA:46,0
DA:50,0
LF:19
LH:0
BRF:0
BRH:0
end_of_record
TN:
SF:src\services\AuditLogService.ts
FN:27,(anonymous_0)
FN:37,(anonymous_1)
FN:50,(anonymous_2)
FN:66,(anonymous_3)
FN:83,(anonymous_4)
FN:107,(anonymous_5)
FN:131,(anonymous_6)
FN:148,(anonymous_7)
FN:158,(anonymous_8)
FN:159,(anonymous_9)
FN:168,(anonymous_10)
FN:169,(anonymous_11)
FN:179,(anonymous_12)
FN:180,(anonymous_13)
FN:192,(anonymous_14)
FN:202,(anonymous_15)
FNF:16
FNH:0
FNDA:0,(anonymous_0)
FNDA:0,(anonymous_1)
FNDA:0,(anonymous_2)
FNDA:0,(anonymous_3)
FNDA:0,(anonymous_4)
FNDA:0,(anonymous_5)
FNDA:0,(anonymous_6)
FNDA:0,(anonymous_7)
FNDA:0,(anonymous_8)
FNDA:0,(anonymous_9)
FNDA:0,(anonymous_10)
FNDA:0,(anonymous_11)
FNDA:0,(anonymous_12)
FNDA:0,(anonymous_13)
FNDA:0,(anonymous_14)
FNDA:0,(anonymous_15)
DA:23,0
DA:24,0
DA:25,0
DA:28,0
DA:38,0
DA:39,0
DA:41,0
DA:51,0
DA:52,0
DA:53,0
DA:55,0
DA:56,0
DA:67,0
DA:68,0
DA:70,0
DA:71,0
DA:88,0
DA:113,0
DA:133,0
DA:136,0
DA:137,0
DA:140,0
DA:149,0
DA:159,0
DA:169,0
DA:180,0
DA:181,0
DA:182,0
DA:193,0
DA:194,0
DA:203,0
LF:31
LH:0
BRDA:25,0,0,0
BRDA:25,0,1,0
BRDA:38,1,0,0
BRDA:38,1,1,0
BRDA:53,2,0,0
BRDA:53,2,1,0
BRDA:136,3,0,0
BRDA:136,3,1,0
BRDA:182,4,0,0
BRDA:182,4,1,0
BRF:10
BRH:0
end_of_record
TN:
SF:src\services\CpdService.ts
FN:20,(anonymous_0)
FN:30,(anonymous_1)
FN:44,(anonymous_2)
FN:62,(anonymous_3)
FN:78,(anonymous_4)
FN:79,(anonymous_5)
FN:89,(anonymous_6)
FN:95,(anonymous_7)
FN:106,(anonymous_8)
FN:116,(anonymous_9)
FN:117,(anonymous_10)
FN:127,(anonymous_11)
FN:128,(anonymous_12)
FN:142,(anonymous_13)
FN:165,(anonymous_14)
FN:166,(anonymous_15)
FN:188,(anonymous_16)
FN:189,(anonymous_17)
FN:211,(anonymous_18)
FN:214,(anonymous_19)
FN:221,(anonymous_20)
FN:226,(anonymous_21)
FN:265,(anonymous_22)
FN:267,(anonymous_23)
FN:270,(anonymous_24)
FN:280,(anonymous_25)
FN:291,(anonymous_26)
FN:348,(anonymous_27)
FN:413,(anonymous_28)
FNF:29
FNH:0
FNDA:0,(anonymous_0)
FNDA:0,(anonymous_1)
FNDA:0,(anonymous_2)
FNDA:0,(anonymous_3)
FNDA:0,(anonymous_4)
FNDA:0,(anonymous_5)
FNDA:0,(anonymous_6)
FNDA:0,(anonymous_7)
FNDA:0,(anonymous_8)
FNDA:0,(anonymous_9)
FNDA:0,(anonymous_10)
FNDA:0,(anonymous_11)
FNDA:0,(anonymous_12)
FNDA:0,(anonymous_13)
FNDA:0,(anonymous_14)
FNDA:0,(anonymous_15)
FNDA:0,(anonymous_16)
FNDA:0,(anonymous_17)
FNDA:0,(anonymous_18)
FNDA:0,(anonymous_19)
FNDA:0,(anonymous_20)
FNDA:0,(anonymous_21)
FNDA:0,(anonymous_22)
FNDA:0,(anonymous_23)
FNDA:0,(anonymous_24)
FNDA:0,(anonymous_25)
FNDA:0,(anonymous_26)
FNDA:0,(anonymous_27)
FNDA:0,(anonymous_28)
DA:17,0
DA:18,0
DA:21,0
DA:31,0
DA:32,0
DA:34,0
DA:45,0
DA:46,0
DA:47,0
DA:48,0
DA:50,0
DA:51,0
DA:63,0
DA:64,0
DA:66,0
DA:67,0
DA:79,0
DA:90,0
DA:92,0
DA:95,0
DA:96,0
DA:107,0
DA:117,0
DA:128,0
DA:129,0
DA:130,0
DA:143,0
DA:149,0
DA:150,0
DA:151,0
DA:153,0
DA:166,0
DA:167,0
DA:169,0
DA:175,0
DA:176,0
DA:178,0
DA:189,0
DA:190,0
DA:192,0
DA:193,0
DA:194,0
DA:196,0
DA:214,0
DA:217,0
DA:221,0
DA:226,0
DA:227,0
DA:228,0
DA:234,0
DA:241,0
DA:247,0
DA:266,0
DA:267,0
DA:268,0
DA:270,0
DA:281,0
DA:292,0
DA:295,0
DA:311,0
DA:314,0
DA:323,0
DA:326,0
DA:336,0
DA:350,0
DA:352,0
DA:355,0
DA:359,0
DA:362,0
DA:365,0
DA:369,0
DA:372,0
DA:381,0
DA:389,0
DA:392,0
DA:399,0
DA:403,0
DA:414,0
DA:415,0
DA:416,0
DA:417,0
DA:418,0
DA:421,0
DA:427,0
DA:434,0
LF:85
LH:0
BRDA:31,0,0,0
BRDA:31,0,1,0
BRDA:47,1,0,0
BRDA:47,1,1,0
BRDA:130,2,0,0
BRDA:130,2,1,0
BRDA:167,3,0,0
BRDA:167,3,1,0
BRDA:190,4,0,0
BRDA:190,4,1,0
BRDA:227,5,0,0
BRDA:227,5,1,0
BRDA:268,6,0,0
BRDA:268,6,1,0
BRDA:268,6,2,0
BRDA:268,6,3,0
BRDA:280,7,0,0
BRDA:332,8,0,0
BRDA:332,8,1,0
BRDA:359,9,0,0
BRDA:359,9,1,0
BRDA:359,10,0,0
BRDA:359,10,1,0
BRDA:376,11,0,0
BRDA:376,11,1,0
BRDA:395,12,0,0
BRDA:395,12,1,0
BRDA:430,13,0,0
BRDA:430,13,1,0
BRF:29
BRH:0
end_of_record
TN:
SF:src\services\ErrorService.ts
FN:63,(anonymous_0)
FN:106,(anonymous_1)
FN:123,(anonymous_2)
FN:145,(anonymous_3)
FN:178,(anonymous_4)
FN:198,(anonymous_5)
FNF:6
FNH:0
FNDA:0,(anonymous_0)
FNDA:0,(anonymous_1)
FNDA:0,(anonymous_2)
FNDA:0,(anonymous_3)
FNDA:0,(anonymous_4)
FNDA:0,(anonymous_5)
DA:64,0
DA:65,0
DA:66,0
DA:67,0
DA:68,0
DA:79,0
DA:112,0
DA:113,0
DA:125,0
DA:128,0
DA:129,0
DA:130,0
DA:131,0
DA:133,0
DA:146,0
DA:149,0
DA:151,0
DA:152,0
DA:155,0
DA:156,0
DA:159,0
DA:160,0
DA:162,0
DA:165,0
DA:166,0
DA:168,0
DA:179,0
DA:185,0
DA:187,0
DA:199,0
DA:202,0
DA:204,0
DA:205,0
DA:207,0
DA:208,0
DA:210,0
DA:211,0
DA:213,0
DA:216,0
DA:217,0
DA:219,0
LF:41
LH:0
BRDA:112,0,0,0
BRDA:112,0,1,0
BRDA:128,1,0,0
BRDA:128,1,1,0
BRDA:130,2,0,0
BRDA:130,2,1,0
BRDA:149,3,0,0
BRDA:149,3,1,0
BRDA:149,3,2,0
BRDA:149,3,3,0
BRDA:149,3,4,0
BRDA:149,3,5,0
BRDA:202,4,0,0
BRDA:202,4,1,0
BRDA:202,4,2,0
BRDA:202,4,3,0
BRF:16
BRH:0
end_of_record
TN:
SF:src\services\LoggingService.ts
FN:12,(anonymous_0)
FN:23,(anonymous_1)
FN:37,(anonymous_2)
FN:51,(anonymous_3)
FN:63,(anonymous_4)
FN:75,(anonymous_5)
FN:93,(anonymous_6)
FN:111,(anonymous_7)
FN:124,(anonymous_8)
FN:172,(anonymous_9)
FN:199,(anonymous_10)
FN:208,(anonymous_11)
FNF:12
FNH:0
FNDA:0,(anonymous_0)
FNDA:0,(anonymous_1)
FNDA:0,(anonymous_2)
FNDA:0,(anonymous_3)
FNDA:0,(anonymous_4)
FNDA:0,(anonymous_5)
FNDA:0,(anonymous_6)
FNDA:0,(anonymous_7)
FNDA:0,(anonymous_8)
FNDA:0,(anonymous_9)
FNDA:0,(anonymous_10)
FNDA:0,(anonymous_11)
DA:14,0
DA:24,0
DA:25,0
DA:27,0
DA:38,0
DA:39,0
DA:40,0
DA:52,0
DA:53,0
DA:64,0
DA:65,0
DA:76,0
DA:77,0
DA:78,0
DA:81,0
DA:82,0
DA:94,0
DA:95,0
DA:96,0
DA:99,0
DA:112,0
DA:113,0
DA:114,0
DA:125,0
DA:128,0
DA:129,0
DA:138,0
DA:140,0
DA:143,0
DA:144,0
DA:146,0
DA:147,0
DA:149,0
DA:150,0
DA:154,0
DA:155,0
DA:158,0
DA:162,0
DA:178,0
DA:180,0
DA:181,0
DA:190,0
DA:200,0
DA:209,0
DA:214,0
DA:215,0
LF:46
LH:0
BRDA:24,0,0,0
BRDA:24,0,1,0
BRDA:38,1,0,0
BRDA:38,1,1,0
BRDA:40,2,0,0
BRDA:40,2,1,0
BRDA:53,3,0,0
BRDA:53,3,1,0
BRDA:65,4,0,0
BRDA:65,4,1,0
BRDA:81,5,0,0
BRDA:81,5,1,0
BRDA:113,6,0,0
BRDA:113,6,1,0
BRDA:125,7,0,0
BRDA:125,7,1,0
BRDA:128,8,0,0
BRDA:128,8,1,0
BRDA:132,9,0,0
BRDA:132,9,1,0
BRDA:138,10,0,0
BRDA:138,10,1,0
BRDA:143,11,0,0
BRDA:143,11,1,0
BRDA:143,12,0,0
BRDA:143,12,1,0
BRDA:146,13,0,0
BRDA:146,13,1,0
BRDA:146,14,0,0
BRDA:146,14,1,0
BRDA:149,15,0,0
BRDA:149,15,1,0
BRDA:149,16,0,0
BRDA:149,16,1,0
BRDA:154,17,0,0
BRDA:154,17,1,0
BRDA:180,18,0,0
BRDA:180,18,1,0
BRDA:214,19,0,0
BRDA:214,19,1,0
BRF:40
BRH:0
end_of_record
TN:
SF:src\services\SecureStorageService.ts
FN:20,(anonymous_0)
FN:28,(anonymous_1)
FN:42,(anonymous_2)
FN:52,(anonymous_3)
FN:65,(anonymous_4)
FN:118,(anonymous_5)
FN:144,(anonymous_6)
FN:165,(anonymous_7)
FN:192,(anonymous_8)
FN:211,(anonymous_9)
FN:228,(anonymous_10)
FN:245,(anonymous_11)
FN:269,(anonymous_12)
FN:289,(anonymous_13)
FN:315,(anonymous_14)
FNF:15
FNH:0
FNDA:0,(anonymous_0)
FNDA:0,(anonymous_1)
FNDA:0,(anonymous_2)
FNDA:0,(anonymous_3)
FNDA:0,(anonymous_4)
FNDA:0,(anonymous_5)
FNDA:0,(anonymous_6)
FNDA:0,(anonymous_7)
FNDA:0,(anonymous_8)
FNDA:0,(anonymous_9)
FNDA:0,(anonymous_10)
FNDA:0,(anonymous_11)
FNDA:0,(anonymous_12)
FNDA:0,(anonymous_13)
FNDA:0,(anonymous_14)
DA:14,0
DA:15,0
DA:18,0
DA:29,0
DA:30,0
DA:32,0
DA:43,0
DA:53,0
DA:54,0
DA:66,0
DA:68,0
DA:69,0
DA:72,0
DA:73,0
DA:76,0
DA:78,0
DA:79,0
DA:81,0
DA:82,0
DA:83,0
DA:84,0
DA:86,0
DA:87,0
DA:91,0
DA:92,0
DA:94,0
DA:95,0
DA:96,0
DA:97,0
DA:99,0
DA:100,0
DA:104,0
DA:105,0
DA:119,0
DA:120,0
DA:122,0
DA:124,0
DA:125,0
DA:128,0
DA:129,0
DA:132,0
DA:133,0
DA:145,0
DA:146,0
DA:147,0
DA:148,0
DA:150,0
DA:151,0
DA:154,0
DA:155,0
DA:166,0
DA:168,0
DA:169,0
DA:170,0
DA:171,0
DA:176,0
DA:179,0
DA:180,0
DA:182,0
DA:183,0
DA:193,0
DA:194,0
DA:195,0
DA:197,0
DA:199,0
DA:200,0
DA:212,0
DA:213,0
DA:214,0
DA:216,0
DA:217,0
DA:229,0
DA:230,0
DA:231,0
DA:232,0
DA:234,0
DA:235,0
DA:246,0
DA:247,0
DA:248,0
DA:250,0
DA:251,0
DA:254,0
DA:256,0
DA:257,0
DA:270,0
DA:271,0
DA:272,0
DA:274,0
DA:275,0
DA:276,0
DA:278,0
DA:279,0
DA:290,0
DA:291,0
DA:292,0
DA:294,0
DA:295,0
DA:296,0
DA:297,0
DA:301,0
DA:303,0
DA:304,0
DA:316,0
DA:317,0
DA:318,0
DA:320,0
DA:322,0
DA:323,0
LF:109
LH:0
BRDA:29,0,0,0
BRDA:29,0,1,0
BRDA:53,1,0,0
BRDA:53,1,1,0
BRDA:68,2,0,0
BRDA:68,2,1,0
BRDA:72,3,0,0
BRDA:72,3,1,0
BRDA:76,4,0,0
BRDA:76,4,1,0
BRDA:79,5,0,0
BRDA:79,5,1,0
BRDA:92,6,0,0
BRDA:92,6,1,0
BRDA:122,7,0,0
BRDA:122,7,1,0
BRDA:146,8,0,0
BRDA:146,8,1,0
BRDA:170,9,0,0
BRDA:170,9,1,0
BRDA:231,10,0,0
BRDA:231,10,1,0
BRDA:272,11,0,0
BRDA:272,11,1,0
BRDA:296,12,0,0
BRDA:296,12,1,0
BRF:26
BRH:0
end_of_record
TN:
SF:src\services\SensitiveDataService.ts
FN:36,(anonymous_0)
FN:44,(anonymous_1)
FN:58,(anonymous_2)
FN:67,(anonymous_3)
FN:78,(anonymous_4)
FN:87,(anonymous_5)
FN:98,(anonymous_6)
FN:108,(anonymous_7)
FN:120,(anonymous_8)
FN:129,(anonymous_9)
FN:141,(anonymous_10)
FN:159,(anonymous_11)
FN:169,(anonymous_12)
FNF:13
FNH:0
FNDA:0,(anonymous_0)
FNDA:0,(anonymous_1)
FNDA:0,(anonymous_2)
FNDA:0,(anonymous_3)
FNDA:0,(anonymous_4)
FNDA:0,(anonymous_5)
FNDA:0,(anonymous_6)
FNDA:0,(anonymous_7)
FNDA:0,(anonymous_8)
FNDA:0,(anonymous_9)
FNDA:0,(anonymous_10)
FNDA:0,(anonymous_11)
FNDA:0,(anonymous_12)
DA:29,0
DA:45,0
DA:46,0
DA:48,0
DA:59,0
DA:68,0
DA:79,0
DA:88,0
DA:100,0
DA:109,0
DA:110,0
DA:121,0
DA:130,0
DA:131,0
DA:142,0
DA:143,0
DA:144,0
DA:145,0
DA:146,0
DA:148,0
DA:149,0
DA:160,0
DA:161,0
DA:170,0
DA:171,0
DA:174,0
DA:175,0
LF:27
LH:0
BRDA:45,0,0,0
BRDA:45,0,1,0
BRDA:110,1,0,0
BRDA:110,1,1,0
BRDA:131,2,0,0
BRDA:131,2,1,0
BRDA:161,3,0,0
BRDA:161,3,1,0
BRDA:171,4,0,0
BRDA:171,4,1,0
BRDA:175,5,0,0
BRDA:175,5,1,0
BRF:12
BRH:0
end_of_record
TN:
SF:src\services\StorageService.ts
FN:15,(anonymous_0)
FN:23,(anonymous_1)
FN:38,(anonymous_2)
FN:66,(anonymous_3)
FN:83,(anonymous_4)
FN:99,(anonymous_5)
FN:115,(anonymous_6)
FN:132,(anonymous_7)
FN:138,(anonymous_8)
FN:149,(anonymous_9)
FN:152,(anonymous_10)
FN:166,(anonymous_11)
FN:176,(anonymous_12)
FNF:13
FNH:0
FNDA:0,(anonymous_0)
FNDA:0,(anonymous_1)
FNDA:0,(anonymous_2)
FNDA:0,(anonymous_3)
FNDA:0,(anonymous_4)
FNDA:0,(anonymous_5)
FNDA:0,(anonymous_6)
FNDA:0,(anonymous_7)
FNDA:0,(anonymous_8)
FNDA:0,(anonymous_9)
FNDA:0,(anonymous_10)
FNDA:0,(anonymous_11)
FNDA:0,(anonymous_12)
DA:13,0
DA:24,0
DA:25,0
DA:27,0
DA:39,0
DA:41,0
DA:42,0
DA:45,0
DA:46,0
DA:48,0
DA:49,0
DA:50,0
DA:52,0
DA:53,0
DA:67,0
DA:68,0
DA:69,0
DA:71,0
DA:72,0
DA:84,0
DA:85,0
DA:86,0
DA:88,0
DA:89,0
DA:100,0
DA:101,0
DA:102,0
DA:104,0
DA:105,0
DA:116,0
DA:117,0
DA:118,0
DA:120,0
DA:121,0
DA:133,0
DA:134,0
DA:135,0
DA:137,0
DA:138,0
DA:150,0
DA:152,0
DA:153,0
DA:155,0
DA:156,0
DA:167,0
DA:177,0
LF:46
LH:0
BRDA:24,0,0,0
BRDA:24,0,1,0
BRDA:41,1,0,0
BRDA:41,1,1,0
BRDA:46,2,0,0
BRDA:46,2,1,0
BRF:6
BRH:0
end_of_record
TN:
SF:src\types\index.ts
FNF:0
FNH:0
LF:0
LH:0
BRF:0
BRH:0
end_of_record
TN:
SF:src\types\ui.ts
FNF:0
FNH:0
LF:0
LH:0
BRF:0
BRH:0
end_of_record
TN:
SF:src\utils\dateUtils.ts
FN:7,formatDate
FN:23,formatRelativeTime
FN:56,getDateRangeForPeriod
FN:97,getMonthDateRange
FN:112,getDaysInMonth
FN:122,groupDatesByMonth
FN:123,(anonymous_6)
FN:146,formatMonth
FN:157,isToday
FN:175,isWithinLastDays
FNF:10
FNH:0
FNDA:0,formatDate
FNDA:0,formatRelativeTime
FNDA:0,getDateRangeForPeriod
FNDA:0,getMonthDateRange
FNDA:0,getDaysInMonth
FNDA:0,groupDatesByMonth
FNDA:0,(anonymous_6)
FNDA:0,formatMonth
FNDA:0,isToday
FNDA:0,isWithinLastDays
DA:8,0
DA:10,0
DA:11,0
DA:12,0
DA:14,0
DA:24,0
DA:25,0
DA:27,0
DA:28,0
DA:29,0
DA:30,0
DA:31,0
DA:32,0
DA:33,0
DA:35,0
DA:36,0
DA:37,0
DA:38,0
DA:39,0
DA:40,0
DA:41,0
DA:42,0
DA:43,0
DA:44,0
DA:46,0
DA:59,0
DA:60,0
DA:62,0
DA:63,0
DA:65,0
DA:68,0
DA:71,0
DA:72,0
DA:75,0
DA:76,0
DA:79,0
DA:80,0
DA:83,0
DA:84,0
DA:87,0
DA:98,0
DA:99,0
DA:100,0
DA:102,0
DA:113,0
DA:123,0
DA:124,0
DA:125,0
DA:126,0
DA:127,0
DA:129,0
DA:130,0
DA:133,0
DA:135,0
DA:147,0
DA:148,0
DA:158,0
DA:159,0
DA:161,0
DA:176,0
DA:177,0
DA:180,0
DA:181,0
DA:183,0
LF:64
LH:0
BRDA:8,0,0,0
BRDA:8,0,1,0
BRDA:24,1,0,0
BRDA:24,1,1,0
BRDA:35,2,0,0
BRDA:35,2,1,0
BRDA:37,3,0,0
BRDA:37,3,1,0
BRDA:38,4,0,0
BRDA:38,4,1,0
BRDA:39,5,0,0
BRDA:39,5,1,0
BRDA:40,6,0,0
BRDA:40,6,1,0
BRDA:41,7,0,0
BRDA:41,7,1,0
BRDA:42,8,0,0
BRDA:42,8,1,0
BRDA:43,9,0,0
BRDA:43,9,1,0
BRDA:44,10,0,0
BRDA:44,10,1,0
BRDA:46,11,0,0
BRDA:46,11,1,0
BRDA:65,12,0,0
BRDA:65,12,1,0
BRDA:65,12,2,0
BRDA:65,12,3,0
BRDA:65,12,4,0
BRDA:124,13,0,0
BRDA:124,13,1,0
BRDA:129,14,0,0
BRDA:129,14,1,0
BRDA:146,15,0,0
BRDA:158,16,0,0
BRDA:158,16,1,0
BRDA:162,17,0,0
BRDA:162,17,1,0
BRDA:162,17,2,0
BRDA:176,18,0,0
BRDA:176,18,1,0
BRF:41
BRH:0
end_of_record
TN:
SF:src\utils\fileUtils.ts
FN:12,getFileExtension
FN:22,getFileName
FN:32,getFileNameWithoutExtension
FN:44,fileExists
FN:59,readTextFile
FN:74,writeTextFile
FN:88,deleteFile
FN:102,ensureDirectory
FN:123,getDocumentDirectory
FN:132,getCacheDirectory
FN:142,getTempFilePath
FN:152,getDocumentFilePath
FN:163,shareFile
FN:192,getFileSize
FN:207,getFormattedFileSize
FN:220,exportAndShareFile
FN:256,getMimeType
FNF:17
FNH:0
FNDA:0,getFileExtension
FNDA:0,getFileName
FNDA:0,getFileNameWithoutExtension
FNDA:0,fileExists
FNDA:0,readTextFile
FNDA:0,writeTextFile
FNDA:0,deleteFile
FNDA:0,ensureDirectory
FNDA:0,getDocumentDirectory
FNDA:0,getCacheDirectory
FNDA:0,getTempFilePath
FNDA:0,getDocumentFilePath
FNDA:0,shareFile
FNDA:0,getFileSize
FNDA:0,getFormattedFileSize
FNDA:0,exportAndShareFile
FNDA:0,getMimeType
DA:13,0
DA:23,0
DA:33,0
DA:34,0
DA:35,0
DA:45,0
DA:46,0
DA:47,0
DA:49,0
DA:60,0
DA:61,0
DA:63,0
DA:75,0
DA:76,0
DA:78,0
DA:89,0
DA:90,0
DA:92,0
DA:103,0
DA:104,0
DA:105,0
DA:106,0
DA:109,0
DA:124,0
DA:133,0
DA:143,0
DA:153,0
DA:164,0
DA:166,0
DA:167,0
DA:168,0
DA:172,0
DA:177,0
DA:193,0
DA:194,0
DA:195,0
DA:197,0
DA:208,0
DA:209,0
DA:225,0
DA:227,0
DA:228,0
DA:231,0
DA:234,0
DA:237,0
DA:239,0
DA:241,0
DA:257,0
DA:272,0
LF:49
LH:0
BRDA:13,0,0,0
BRDA:13,0,1,0
BRDA:23,1,0,0
BRDA:23,1,1,0
BRDA:105,2,0,0
BRDA:105,2,1,0
BRDA:124,3,0,0
BRDA:124,3,1,0
BRDA:133,4,0,0
BRDA:133,4,1,0
BRDA:167,5,0,0
BRDA:167,5,1,0
BRDA:195,6,0,0
BRDA:195,6,1,0
BRDA:195,7,0,0
BRDA:195,7,1,0
BRDA:223,8,0,0
BRDA:272,9,0,0
BRDA:272,9,1,0
BRF:19
BRH:0
end_of_record
TN:
SF:src\utils\stringUtils.ts
FN:8,truncateString
FN:22,capitalizeFirstLetter
FN:36,toTitleCase
FN:43,(anonymous_3)
FN:53,toKebabCase
FN:70,toCamelCase
FN:76,(anonymous_6)
FN:88,toSnakeCase
FN:105,stripHtml
FN:119,removeSpecialCharacters
FN:133,slugify
FN:152,extractFirstNWords
FN:167,formatFileSize
FNF:13
FNH:0
FNDA:0,truncateString
FNDA:0,capitalizeFirstLetter
FNDA:0,toTitleCase
FNDA:0,(anonymous_3)
FNDA:0,toKebabCase
FNDA:0,toCamelCase
FNDA:0,(anonymous_6)
FNDA:0,toSnakeCase
FNDA:0,stripHtml
FNDA:0,removeSpecialCharacters
FNDA:0,slugify
FNDA:0,extractFirstNWords
FNDA:0,formatFileSize
DA:9,0
DA:10,0
DA:13,0
DA:23,0
DA:24,0
DA:27,0
DA:37,0
DA:38,0
DA:41,0
DA:43,0
DA:54,0
DA:55,0
DA:58,0
DA:71,0
DA:72,0
DA:75,0
DA:77,0
DA:89,0
DA:90,0
DA:93,0
DA:106,0
DA:107,0
DA:110,0
DA:120,0
DA:121,0
DA:124,0
DA:134,0
DA:135,0
DA:138,0
DA:153,0
DA:154,0
DA:157,0
DA:158,0
DA:168,0
DA:169,0
DA:172,0
DA:173,0
DA:174,0
DA:176,0
LF:39
LH:0
BRDA:9,0,0,0
BRDA:9,0,1,0
BRDA:9,1,0,0
BRDA:9,1,1,0
BRDA:23,2,0,0
BRDA:23,2,1,0
BRDA:23,3,0,0
BRDA:23,3,1,0
BRDA:37,4,0,0
BRDA:37,4,1,0
BRDA:37,5,0,0
BRDA:37,5,1,0
BRDA:54,6,0,0
BRDA:54,6,1,0
BRDA:54,7,0,0
BRDA:54,7,1,0
BRDA:71,8,0,0
BRDA:71,8,1,0
BRDA:71,9,0,0
BRDA:71,9,1,0
BRDA:77,10,0,0
BRDA:77,10,1,0
BRDA:89,11,0,0
BRDA:89,11,1,0
BRDA:89,12,0,0
BRDA:89,12,1,0
BRDA:106,13,0,0
BRDA:106,13,1,0
BRDA:106,14,0,0
BRDA:106,14,1,0
BRDA:120,15,0,0
BRDA:120,15,1,0
BRDA:120,16,0,0
BRDA:120,16,1,0
BRDA:134,17,0,0
BRDA:134,17,1,0
BRDA:134,18,0,0
BRDA:134,18,1,0
BRDA:153,19,0,0
BRDA:153,19,1,0
BRDA:153,20,0,0
BRDA:153,20,1,0
BRDA:168,21,0,0
BRDA:168,21,1,0
BRF:44
BRH:0
end_of_record
TN:
SF:src\utils\validationUtils.ts
FN:7,isValidEmail
FN:18,isValidUKPostcode
FN:29,isValidUKPhoneNumber
FN:44,isValidNMCPin
FN:57,validatePassword
FN:92,validateCpdLog
FN:127,isEmpty
FN:153,isNumber
FN:171,isValidDate
FNF:9
FNH:0
FNDA:0,isValidEmail
FNDA:0,isValidUKPostcode
FNDA:0,isValidUKPhoneNumber
FNDA:0,isValidNMCPin
FNDA:0,validatePassword
FNDA:0,validateCpdLog
FNDA:0,isEmpty
FNDA:0,isNumber
FNDA:0,isValidDate
DA:8,0
DA:9,0
DA:19,0
DA:20,0
DA:31,0
DA:34,0
DA:35,0
DA:47,0
DA:48,0
DA:58,0
DA:60,0
DA:61,0
DA:64,0
DA:65,0
DA:68,0
DA:69,0
DA:72,0
DA:73,0
DA:76,0
DA:77,0
DA:80,0
DA:97,0
DA:99,0
DA:100,0
DA:103,0
DA:104,0
DA:107,0
DA:108,0
DA:111,0
DA:112,0
DA:115,0
DA:128,0
DA:129,0
DA:132,0
DA:133,0
DA:136,0
DA:137,0
DA:140,0
DA:141,0
DA:144,0
DA:154,0
DA:155,0
DA:158,0
DA:159,0
DA:162,0
DA:172,0
DA:173,0
DA:176,0
DA:177,0
DA:178,0
DA:181,0
LF:51
LH:0
BRDA:60,0,0,0
BRDA:60,0,1,0
BRDA:64,1,0,0
BRDA:64,1,1,0
BRDA:68,2,0,0
BRDA:68,2,1,0
BRDA:72,3,0,0
BRDA:72,3,1,0
BRDA:76,4,0,0
BRDA:76,4,1,0
BRDA:99,5,0,0
BRDA:99,5,1,0
BRDA:99,6,0,0
BRDA:99,6,1,0
BRDA:103,7,0,0
BRDA:103,7,1,0
BRDA:103,8,0,0
BRDA:103,8,1,0
BRDA:107,9,0,0
BRDA:107,9,1,0
BRDA:111,10,0,0
BRDA:111,10,1,0
BRDA:128,11,0,0
BRDA:128,11,1,0
BRDA:128,12,0,0
BRDA:128,12,1,0
BRDA:132,13,0,0
BRDA:132,13,1,0
BRDA:132,14,0,0
BRDA:132,14,1,0
BRDA:136,15,0,0
BRDA:136,15,1,0
BRDA:136,16,0,0
BRDA:136,16,1,0
BRDA:140,17,0,0
BRDA:140,17,1,0
BRDA:140,18,0,0
BRDA:140,18,1,0
BRDA:154,19,0,0
BRDA:154,19,1,0
BRDA:154,20,0,0
BRDA:154,20,1,0
BRDA:158,21,0,0
BRDA:158,21,1,0
BRDA:172,22,0,0
BRDA:172,22,1,0
BRDA:176,23,0,0
BRDA:176,23,1,0
BRDA:176,24,0,0
BRDA:176,24,1,0
BRF:50
BRH:0
end_of_record
